-- Found ament_cmake: 1.3.11 (/opt/ros/humble/share/ament_cmake/cmake)
-- Override CMake install command with custom implementation using symlinks instead of copying resources
-- Found ament_lint_auto: 0.12.12 (/opt/ros/humble/share/ament_lint_auto/cmake)
-- Added test 'copyright' to check source files copyright and LICENSE
-- Added test 'flake8' to check Python code syntax and style conventions
-- Added test 'lint_cmake' to check CMake code style
-- Added test 'pep257' to check Python code against some of the docstring style conventions in PEP 257
-- Added test 'xmllint' to check XML markup files
-- Configuring done
-- Generating done
-- Build files have been written to: /home/ubuntu/Desktop/ros2_ws/build/moon_rover_sim
-- Install configuration: ""
-- Execute custom install script
-- Up-to-date symlink: /home/ubuntu/Desktop/ros2_ws/install/moon_rover_sim/share/moon_rover_sim/urdf/lidar.urdf.xacro
-- Up-to-date symlink: /home/ubuntu/Desktop/ros2_ws/install/moon_rover_sim/share/moon_rover_sim/urdf/rover.urdf.xacro
-- Up-to-date symlink: /home/ubuntu/Desktop/ros2_ws/install/moon_rover_sim/share/moon_rover_sim/worlds/moon.world
-- Symlinking: /home/ubuntu/Desktop/ros2_ws/install/moon_rover_sim/share/moon_rover_sim/launch/navigation.launch.py
-- Up-to-date symlink: /home/ubuntu/Desktop/ros2_ws/install/moon_rover_sim/share/moon_rover_sim/launch/rviz.launch.py
-- Up-to-date symlink: /home/ubuntu/Desktop/ros2_ws/install/moon_rover_sim/share/moon_rover_sim/launch/simulation.launch.py
-- Symlinking: /home/ubuntu/Desktop/ros2_ws/install/moon_rover_sim/share/moon_rover_sim/rviz/nav2.rviz
-- Up-to-date symlink: /home/ubuntu/Desktop/ros2_ws/install/moon_rover_sim/share/moon_rover_sim/rviz/rover.rviz
-- Symlinking: /home/ubuntu/Desktop/ros2_ws/install/moon_rover_sim/share/moon_rover_sim/config/nav2_params.yaml
-- Up-to-date symlink: /home/ubuntu/Desktop/ros2_ws/install/moon_rover_sim/share/moon_rover_sim/config/rover_params.yaml
-- Symlinking: /home/ubuntu/Desktop/ros2_ws/install/moon_rover_sim/share/moon_rover_sim/config/slam_params.yaml
-- Up-to-date symlink: /home/ubuntu/Desktop/ros2_ws/install/moon_rover_sim/share/ament_index/resource_index/package_run_dependencies/moon_rover_sim
-- Up-to-date symlink: /home/ubuntu/Desktop/ros2_ws/install/moon_rover_sim/share/ament_index/resource_index/parent_prefix_path/moon_rover_sim
-- Up-to-date symlink: /home/ubuntu/Desktop/ros2_ws/install/moon_rover_sim/share/moon_rover_sim/environment/ament_prefix_path.sh
-- Up-to-date symlink: /home/ubuntu/Desktop/ros2_ws/install/moon_rover_sim/share/moon_rover_sim/environment/ament_prefix_path.dsv
-- Up-to-date symlink: /home/ubuntu/Desktop/ros2_ws/install/moon_rover_sim/share/moon_rover_sim/environment/path.sh
-- Up-to-date symlink: /home/ubuntu/Desktop/ros2_ws/install/moon_rover_sim/share/moon_rover_sim/environment/path.dsv
-- Up-to-date symlink: /home/ubuntu/Desktop/ros2_ws/install/moon_rover_sim/share/moon_rover_sim/local_setup.bash
-- Up-to-date symlink: /home/ubuntu/Desktop/ros2_ws/install/moon_rover_sim/share/moon_rover_sim/local_setup.sh
-- Up-to-date symlink: /home/ubuntu/Desktop/ros2_ws/install/moon_rover_sim/share/moon_rover_sim/local_setup.zsh
-- Up-to-date symlink: /home/ubuntu/Desktop/ros2_ws/install/moon_rover_sim/share/moon_rover_sim/local_setup.dsv
-- Symlinking: /home/ubuntu/Desktop/ros2_ws/install/moon_rover_sim/share/moon_rover_sim/package.dsv
-- Up-to-date symlink: /home/ubuntu/Desktop/ros2_ws/install/moon_rover_sim/share/ament_index/resource_index/packages/moon_rover_sim
-- Up-to-date symlink: /home/ubuntu/Desktop/ros2_ws/install/moon_rover_sim/share/moon_rover_sim/cmake/moon_rover_simConfig.cmake
-- Up-to-date symlink: /home/ubuntu/Desktop/ros2_ws/install/moon_rover_sim/share/moon_rover_sim/cmake/moon_rover_simConfig-version.cmake
-- Up-to-date symlink: /home/ubuntu/Desktop/ros2_ws/install/moon_rover_sim/share/moon_rover_sim/package.xml
