[0.007s] Invoking command in '/home/ubuntu/Desktop/ros2_ws/build/moon_rover_sim': CMAKE_PREFIX_PATH=${CMAKE_PREFIX_PATH}:/opt/ros/humble /usr/bin/cmake --build /home/ubuntu/Desktop/ros2_ws/build/moon_rover_sim -- -j16 -l16
[0.028s] -- Found ament_cmake: 1.3.11 (/opt/ros/humble/share/ament_cmake/cmake)
[0.112s] -- Override CMake install command with custom implementation using symlinks instead of copying resources
[0.117s] -- Found ament_lint_auto: 0.12.12 (/opt/ros/humble/share/ament_lint_auto/cmake)
[0.165s] -- Added test 'copyright' to check source files copyright and LICENSE
[0.166s] -- Added test 'flake8' to check Python code syntax and style conventions
[0.167s] -- Added test 'lint_cmake' to check CMake code style
[0.167s] -- Added test 'pep257' to check Python code against some of the docstring style conventions in PEP 257
[0.168s] -- Added test 'xmllint' to check XML markup files
[0.168s] -- Configuring done
[0.170s] -- Generating done
[0.171s] -- Build files have been written to: /home/ubuntu/Desktop/ros2_ws/build/moon_rover_sim
[0.185s] Invoked command in '/home/ubuntu/Desktop/ros2_ws/build/moon_rover_sim' returned '0': CMAKE_PREFIX_PATH=${CMAKE_PREFIX_PATH}:/opt/ros/humble /usr/bin/cmake --build /home/ubuntu/Desktop/ros2_ws/build/moon_rover_sim -- -j16 -l16
[0.192s] Invoking command in '/home/ubuntu/Desktop/ros2_ws/build/moon_rover_sim': CMAKE_PREFIX_PATH=${CMAKE_PREFIX_PATH}:/opt/ros/humble /usr/bin/cmake --install /home/ubuntu/Desktop/ros2_ws/build/moon_rover_sim
[0.195s] -- Install configuration: ""
[0.195s] -- Execute custom install script
[0.196s] -- Up-to-date symlink: /home/ubuntu/Desktop/ros2_ws/install/moon_rover_sim/share/moon_rover_sim/urdf/lidar.urdf.xacro
[0.196s] -- Up-to-date symlink: /home/ubuntu/Desktop/ros2_ws/install/moon_rover_sim/share/moon_rover_sim/urdf/rover.urdf.xacro
[0.196s] -- Up-to-date symlink: /home/ubuntu/Desktop/ros2_ws/install/moon_rover_sim/share/moon_rover_sim/worlds/moon.world
[0.196s] -- Symlinking: /home/ubuntu/Desktop/ros2_ws/install/moon_rover_sim/share/moon_rover_sim/launch/navigation.launch.py
[0.201s] -- Up-to-date symlink: /home/ubuntu/Desktop/ros2_ws/install/moon_rover_sim/share/moon_rover_sim/launch/rviz.launch.py
[0.201s] -- Up-to-date symlink: /home/ubuntu/Desktop/ros2_ws/install/moon_rover_sim/share/moon_rover_sim/launch/simulation.launch.py
[0.201s] -- Symlinking: /home/ubuntu/Desktop/ros2_ws/install/moon_rover_sim/share/moon_rover_sim/rviz/nav2.rviz
[0.206s] -- Up-to-date symlink: /home/ubuntu/Desktop/ros2_ws/install/moon_rover_sim/share/moon_rover_sim/rviz/rover.rviz
[0.207s] -- Symlinking: /home/ubuntu/Desktop/ros2_ws/install/moon_rover_sim/share/moon_rover_sim/config/nav2_params.yaml
[0.211s] -- Up-to-date symlink: /home/ubuntu/Desktop/ros2_ws/install/moon_rover_sim/share/moon_rover_sim/config/rover_params.yaml
[0.211s] -- Symlinking: /home/ubuntu/Desktop/ros2_ws/install/moon_rover_sim/share/moon_rover_sim/config/slam_params.yaml
[0.216s] -- Up-to-date symlink: /home/ubuntu/Desktop/ros2_ws/install/moon_rover_sim/share/ament_index/resource_index/package_run_dependencies/moon_rover_sim
[0.216s] -- Up-to-date symlink: /home/ubuntu/Desktop/ros2_ws/install/moon_rover_sim/share/ament_index/resource_index/parent_prefix_path/moon_rover_sim
[0.216s] -- Up-to-date symlink: /home/ubuntu/Desktop/ros2_ws/install/moon_rover_sim/share/moon_rover_sim/environment/ament_prefix_path.sh
[0.216s] -- Up-to-date symlink: /home/ubuntu/Desktop/ros2_ws/install/moon_rover_sim/share/moon_rover_sim/environment/ament_prefix_path.dsv
[0.216s] -- Up-to-date symlink: /home/ubuntu/Desktop/ros2_ws/install/moon_rover_sim/share/moon_rover_sim/environment/path.sh
[0.216s] -- Up-to-date symlink: /home/ubuntu/Desktop/ros2_ws/install/moon_rover_sim/share/moon_rover_sim/environment/path.dsv
[0.216s] -- Up-to-date symlink: /home/ubuntu/Desktop/ros2_ws/install/moon_rover_sim/share/moon_rover_sim/local_setup.bash
[0.216s] -- Up-to-date symlink: /home/ubuntu/Desktop/ros2_ws/install/moon_rover_sim/share/moon_rover_sim/local_setup.sh
[0.217s] -- Up-to-date symlink: /home/ubuntu/Desktop/ros2_ws/install/moon_rover_sim/share/moon_rover_sim/local_setup.zsh
[0.217s] -- Up-to-date symlink: /home/ubuntu/Desktop/ros2_ws/install/moon_rover_sim/share/moon_rover_sim/local_setup.dsv
[0.217s] -- Symlinking: /home/ubuntu/Desktop/ros2_ws/install/moon_rover_sim/share/moon_rover_sim/package.dsv
[0.222s] -- Up-to-date symlink: /home/ubuntu/Desktop/ros2_ws/install/moon_rover_sim/share/ament_index/resource_index/packages/moon_rover_sim
[0.222s] -- Up-to-date symlink: /home/ubuntu/Desktop/ros2_ws/install/moon_rover_sim/share/moon_rover_sim/cmake/moon_rover_simConfig.cmake
[0.223s] -- Up-to-date symlink: /home/ubuntu/Desktop/ros2_ws/install/moon_rover_sim/share/moon_rover_sim/cmake/moon_rover_simConfig-version.cmake
[0.223s] -- Up-to-date symlink: /home/ubuntu/Desktop/ros2_ws/install/moon_rover_sim/share/moon_rover_sim/package.xml
[0.224s] Invoked command in '/home/ubuntu/Desktop/ros2_ws/build/moon_rover_sim' returned '0': CMAKE_PREFIX_PATH=${CMAKE_PREFIX_PATH}:/opt/ros/humble /usr/bin/cmake --install /home/ubuntu/Desktop/ros2_ws/build/moon_rover_sim
