[0.014s] Invoking command in '/home/ubuntu/Desktop/ros2_ws/build/moon_rover_sim': CMAKE_PREFIX_PATH=/opt/ros/humble /usr/bin/cmake /home/ubuntu/Desktop/ros2_ws/src/moon_rover_sim -DAMENT_CMAKE_SYMLINK_INSTALL=1 -DCMAKE_INSTALL_PREFIX=/home/ubuntu/Desktop/ros2_ws/install/moon_rover_sim
[0.157s] -- The C compiler identification is GNU 11.4.0
[0.255s] -- The CXX compiler identification is GNU 11.4.0
[0.267s] -- Detecting C compiler ABI info
[0.328s] -- Detecting C compiler ABI info - done
[0.333s] -- Check for working C compiler: /usr/bin/cc - skipped
[0.334s] -- Detecting C compile features
[0.334s] -- Detecting C compile features - done
[0.338s] -- Detecting CXX compiler ABI info
[0.408s] -- Detecting CXX compiler ABI info - done
[0.412s] -- Check for working CXX compiler: /usr/bin/c++ - skipped
[0.412s] -- Detecting CXX compile features
[0.413s] -- Detecting CXX compile features - done
[0.428s] -- Found ament_cmake: 1.3.11 (/opt/ros/humble/share/ament_cmake/cmake)
[0.570s] -- Found Python3: /usr/bin/python3 (found version "3.10.12") found components: Interpreter 
[0.635s] -- Override CMake install command with custom implementation using symlinks instead of copying resources
[0.678s] -- Found ament_lint_auto: 0.12.12 (/opt/ros/humble/share/ament_lint_auto/cmake)
[0.763s] -- Added test 'copyright' to check source files copyright and LICENSE
[0.767s] -- Added test 'flake8' to check Python code syntax and style conventions
[0.769s] -- Added test 'lint_cmake' to check CMake code style
[0.771s] -- Added test 'pep257' to check Python code against some of the docstring style conventions in PEP 257
[0.772s] -- Added test 'xmllint' to check XML markup files
[0.774s] -- Configuring done
[0.777s] -- Generating done
[0.778s] -- Build files have been written to: /home/ubuntu/Desktop/ros2_ws/build/moon_rover_sim
[0.782s] Invoked command in '/home/ubuntu/Desktop/ros2_ws/build/moon_rover_sim' returned '0': CMAKE_PREFIX_PATH=/opt/ros/humble /usr/bin/cmake /home/ubuntu/Desktop/ros2_ws/src/moon_rover_sim -DAMENT_CMAKE_SYMLINK_INSTALL=1 -DCMAKE_INSTALL_PREFIX=/home/ubuntu/Desktop/ros2_ws/install/moon_rover_sim
[0.784s] Invoking command in '/home/ubuntu/Desktop/ros2_ws/build/moon_rover_sim': CMAKE_PREFIX_PATH=/opt/ros/humble /usr/bin/cmake --build /home/ubuntu/Desktop/ros2_ws/build/moon_rover_sim -- -j16 -l16
[0.811s] Invoked command in '/home/ubuntu/Desktop/ros2_ws/build/moon_rover_sim' returned '0': CMAKE_PREFIX_PATH=/opt/ros/humble /usr/bin/cmake --build /home/ubuntu/Desktop/ros2_ws/build/moon_rover_sim -- -j16 -l16
[0.819s] Invoking command in '/home/ubuntu/Desktop/ros2_ws/build/moon_rover_sim': CMAKE_PREFIX_PATH=/opt/ros/humble /usr/bin/cmake --install /home/ubuntu/Desktop/ros2_ws/build/moon_rover_sim
[0.824s] -- Install configuration: ""
[0.824s] -- Execute custom install script
[0.825s] -- Symlinking: /home/ubuntu/Desktop/ros2_ws/install/moon_rover_sim/share/moon_rover_sim/urdf/lidar.urdf.xacro
[0.832s] -- Symlinking: /home/ubuntu/Desktop/ros2_ws/install/moon_rover_sim/share/moon_rover_sim/urdf/rover.urdf.xacro
[0.837s] -- Symlinking: /home/ubuntu/Desktop/ros2_ws/install/moon_rover_sim/share/moon_rover_sim/worlds/moon.world
[0.843s] -- Symlinking: /home/ubuntu/Desktop/ros2_ws/install/moon_rover_sim/share/moon_rover_sim/launch/rviz.launch.py
[0.850s] -- Symlinking: /home/ubuntu/Desktop/ros2_ws/install/moon_rover_sim/share/moon_rover_sim/launch/simulation.launch.py
[0.858s] -- Symlinking: /home/ubuntu/Desktop/ros2_ws/install/moon_rover_sim/share/moon_rover_sim/rviz/rover.rviz
[0.866s] -- Symlinking: /home/ubuntu/Desktop/ros2_ws/install/moon_rover_sim/share/moon_rover_sim/config/rover_params.yaml
[0.873s] -- Symlinking: /home/ubuntu/Desktop/ros2_ws/install/moon_rover_sim/share/ament_index/resource_index/package_run_dependencies/moon_rover_sim
[0.879s] -- Symlinking: /home/ubuntu/Desktop/ros2_ws/install/moon_rover_sim/share/ament_index/resource_index/parent_prefix_path/moon_rover_sim
[0.886s] -- Symlinking: /home/ubuntu/Desktop/ros2_ws/install/moon_rover_sim/share/moon_rover_sim/environment/ament_prefix_path.sh
[0.894s] -- Symlinking: /home/ubuntu/Desktop/ros2_ws/install/moon_rover_sim/share/moon_rover_sim/environment/ament_prefix_path.dsv
[0.903s] -- Symlinking: /home/ubuntu/Desktop/ros2_ws/install/moon_rover_sim/share/moon_rover_sim/environment/path.sh
[0.909s] -- Symlinking: /home/ubuntu/Desktop/ros2_ws/install/moon_rover_sim/share/moon_rover_sim/environment/path.dsv
[0.916s] -- Symlinking: /home/ubuntu/Desktop/ros2_ws/install/moon_rover_sim/share/moon_rover_sim/local_setup.bash
[0.924s] -- Symlinking: /home/ubuntu/Desktop/ros2_ws/install/moon_rover_sim/share/moon_rover_sim/local_setup.sh
[0.930s] -- Symlinking: /home/ubuntu/Desktop/ros2_ws/install/moon_rover_sim/share/moon_rover_sim/local_setup.zsh
[0.937s] -- Symlinking: /home/ubuntu/Desktop/ros2_ws/install/moon_rover_sim/share/moon_rover_sim/local_setup.dsv
[0.943s] -- Symlinking: /home/ubuntu/Desktop/ros2_ws/install/moon_rover_sim/share/moon_rover_sim/package.dsv
[0.951s] -- Symlinking: /home/ubuntu/Desktop/ros2_ws/install/moon_rover_sim/share/ament_index/resource_index/packages/moon_rover_sim
[0.958s] -- Symlinking: /home/ubuntu/Desktop/ros2_ws/install/moon_rover_sim/share/moon_rover_sim/cmake/moon_rover_simConfig.cmake
[0.966s] -- Symlinking: /home/ubuntu/Desktop/ros2_ws/install/moon_rover_sim/share/moon_rover_sim/cmake/moon_rover_simConfig-version.cmake
[0.974s] -- Symlinking: /home/ubuntu/Desktop/ros2_ws/install/moon_rover_sim/share/moon_rover_sim/package.xml
[0.982s] Invoked command in '/home/ubuntu/Desktop/ros2_ws/build/moon_rover_sim' returned '0': CMAKE_PREFIX_PATH=/opt/ros/humble /usr/bin/cmake --install /home/ubuntu/Desktop/ros2_ws/build/moon_rover_sim
