[0.182s] DEBUG:colcon:Command line arguments: ['/usr/bin/colcon', 'build', '--symlink-install']
[0.182s] DEBUG:colcon:Parsed command line arguments: Namespace(log_base=None, log_level=None, verb_name='build', build_base='build', install_base='install', merge_install=False, symlink_install=True, test_result_base=None, continue_on_error=False, executor='parallel', parallel_workers=16, event_handlers=None, ignore_user_meta=False, metas=['./colcon.meta'], base_paths=['.'], packages_ignore=None, packages_ignore_regex=None, paths=None, packages_up_to=None, packages_up_to_regex=None, packages_above=None, packages_above_and_dependencies=None, packages_above_depth=None, packages_select_by_dep=None, packages_skip_by_dep=None, packages_skip_up_to=None, packages_select_build_failed=False, packages_skip_build_finished=False, packages_select_test_failures=False, packages_skip_test_passed=False, packages_select=None, packages_skip=None, packages_select_regex=None, packages_skip_regex=None, packages_start=None, packages_end=None, allow_overriding=[], cmake_args=None, cmake_target=None, cmake_target_skip_unavailable=False, cmake_clean_cache=False, cmake_clean_first=False, cmake_force_configure=False, ament_cmake_args=None, catkin_cmake_args=None, catkin_skip_building_tests=False, verb_parser=<colcon_defaults.argument_parser.defaults.DefaultArgumentsDecorator object at 0x7f2576d97610>, verb_extension=<colcon_core.verb.build.BuildVerb object at 0x7f2576d4c3a0>, main=<bound method BuildVerb.main of <colcon_core.verb.build.BuildVerb object at 0x7f2576d4c3a0>>)
[0.416s] Level 1:colcon.colcon_core.package_discovery:discover_packages(colcon_meta) check parameters
[0.417s] Level 1:colcon.colcon_core.package_discovery:discover_packages(recursive) check parameters
[0.417s] Level 1:colcon.colcon_core.package_discovery:discover_packages(ignore) check parameters
[0.417s] Level 1:colcon.colcon_core.package_discovery:discover_packages(path) check parameters
[0.417s] Level 1:colcon.colcon_core.package_discovery:discover_packages(colcon_meta) discover
[0.417s] Level 1:colcon.colcon_core.package_discovery:discover_packages(recursive) discover
[0.417s] INFO:colcon.colcon_core.package_discovery:Crawling recursively for packages in '/home/ubuntu/Desktop/ros2_ws/src/nav_viewer_app'
[0.417s] Level 1:colcon.colcon_core.package_identification:_identify(.) by extensions ['ignore', 'ignore_ament_install']
[0.417s] Level 1:colcon.colcon_core.package_identification:_identify(.) by extension 'ignore'
[0.417s] Level 1:colcon.colcon_core.package_identification:_identify(.) by extension 'ignore_ament_install'
[0.417s] Level 1:colcon.colcon_core.package_identification:_identify(.) by extensions ['colcon_pkg']
[0.417s] Level 1:colcon.colcon_core.package_identification:_identify(.) by extension 'colcon_pkg'
[0.417s] Level 1:colcon.colcon_core.package_identification:_identify(.) by extensions ['colcon_meta']
[0.417s] Level 1:colcon.colcon_core.package_identification:_identify(.) by extension 'colcon_meta'
[0.417s] Level 1:colcon.colcon_core.package_identification:_identify(.) by extensions ['ros']
[0.417s] Level 1:colcon.colcon_core.package_identification:_identify(.) by extension 'ros'
[0.433s] Level 1:colcon.colcon_core.package_identification:_identify(.) by extensions ['cmake', 'python']
[0.434s] Level 1:colcon.colcon_core.package_identification:_identify(.) by extension 'cmake'
[0.434s] Level 1:colcon.colcon_core.package_identification:_identify(.) by extension 'python'
[0.434s] Level 1:colcon.colcon_core.package_identification:_identify(.) by extensions ['python_setup_py']
[0.434s] Level 1:colcon.colcon_core.package_identification:_identify(.) by extension 'python_setup_py'
[0.777s] DEBUG:colcon.colcon_core.package_identification:Package '.' with type 'python' and name 'nav_viewer'
[0.777s] Level 1:colcon.colcon_core.package_discovery:discover_packages(recursive) using defaults
[0.778s] Level 1:colcon.colcon_core.package_discovery:discover_packages(ignore) discover
[0.778s] Level 1:colcon.colcon_core.package_discovery:discover_packages(ignore) using defaults
[0.778s] Level 1:colcon.colcon_core.package_discovery:discover_packages(path) discover
[0.778s] Level 1:colcon.colcon_core.package_discovery:discover_packages(path) using defaults
[0.806s] Level 1:colcon.colcon_core.package_discovery:discover_packages(prefix_path) check parameters
[0.806s] Level 1:colcon.colcon_core.package_discovery:discover_packages(prefix_path) discover
[0.828s] DEBUG:colcon.colcon_installed_package_information.package_discovery:Found 345 installed packages in /opt/ros/humble
[0.831s] Level 1:colcon.colcon_core.package_discovery:discover_packages(prefix_path) using defaults
[0.886s] Level 5:colcon.colcon_core.verb:set package 'nav_viewer' build argument 'cmake_args' from command line to 'None'
[0.886s] Level 5:colcon.colcon_core.verb:set package 'nav_viewer' build argument 'cmake_target' from command line to 'None'
[0.886s] Level 5:colcon.colcon_core.verb:set package 'nav_viewer' build argument 'cmake_target_skip_unavailable' from command line to 'False'
[0.886s] Level 5:colcon.colcon_core.verb:set package 'nav_viewer' build argument 'cmake_clean_cache' from command line to 'False'
[0.886s] Level 5:colcon.colcon_core.verb:set package 'nav_viewer' build argument 'cmake_clean_first' from command line to 'False'
[0.886s] Level 5:colcon.colcon_core.verb:set package 'nav_viewer' build argument 'cmake_force_configure' from command line to 'False'
[0.886s] Level 5:colcon.colcon_core.verb:set package 'nav_viewer' build argument 'ament_cmake_args' from command line to 'None'
[0.886s] Level 5:colcon.colcon_core.verb:set package 'nav_viewer' build argument 'catkin_cmake_args' from command line to 'None'
[0.886s] Level 5:colcon.colcon_core.verb:set package 'nav_viewer' build argument 'catkin_skip_building_tests' from command line to 'False'
[0.886s] DEBUG:colcon.colcon_core.verb:Building package 'nav_viewer' with the following arguments: {'ament_cmake_args': None, 'build_base': '/home/ubuntu/Desktop/ros2_ws/src/nav_viewer_app/build/nav_viewer', 'catkin_cmake_args': None, 'catkin_skip_building_tests': False, 'cmake_args': None, 'cmake_clean_cache': False, 'cmake_clean_first': False, 'cmake_force_configure': False, 'cmake_target': None, 'cmake_target_skip_unavailable': False, 'install_base': '/home/ubuntu/Desktop/ros2_ws/src/nav_viewer_app/install/nav_viewer', 'merge_install': False, 'path': '/home/ubuntu/Desktop/ros2_ws/src/nav_viewer_app', 'symlink_install': True, 'test_result_base': None}
[0.886s] INFO:colcon.colcon_core.executor:Executing jobs using 'parallel' executor
[0.887s] DEBUG:colcon.colcon_parallel_executor.executor.parallel:run_until_complete
[0.888s] INFO:colcon.colcon_core.task.python.build:Building Python package in '/home/ubuntu/Desktop/ros2_ws/src/nav_viewer_app'
[0.891s] INFO:colcon.colcon_core.plugin_system:Skipping extension 'colcon_core.shell.bat': Not used on non-Windows systems
[0.891s] INFO:colcon.colcon_core.shell:Skip shell extension 'powershell' for command environment: Not usable outside of PowerShell
[0.891s] DEBUG:colcon.colcon_core.shell:Skip shell extension 'dsv' for command environment
[1.688s] DEBUG:colcon.colcon_core.event_handler.log_command:Invoking command in '/home/ubuntu/Desktop/ros2_ws/src/nav_viewer_app/build/nav_viewer': PYTHONPATH=/home/ubuntu/Desktop/ros2_ws/src/nav_viewer_app/build/nav_viewer/prefix_override:/usr/lib/python3/dist-packages/colcon_core/task/python/colcon_distutils_commands:/home/ubuntu/Desktop/ros2_ws/src/nav_viewer_app/install/nav_viewer/lib/python3.10/site-packages:${PYTHONPATH} /usr/bin/python3 -W ignore:setup.py install is deprecated -W ignore:easy_install command is deprecated setup.py develop --editable --build-directory /home/ubuntu/Desktop/ros2_ws/src/nav_viewer_app/build/nav_viewer/build --no-deps
[2.409s] Level 1:colcon.colcon_core.shell:create_environment_hook('nav_viewer', 'pythonpath_develop')
[2.409s] DEBUG:colcon.colcon_core.event_handler.log_command:Invoked command in '/home/ubuntu/Desktop/ros2_ws/src/nav_viewer_app/build/nav_viewer' returned '0': PYTHONPATH=/home/ubuntu/Desktop/ros2_ws/src/nav_viewer_app/build/nav_viewer/prefix_override:/usr/lib/python3/dist-packages/colcon_core/task/python/colcon_distutils_commands:/home/ubuntu/Desktop/ros2_ws/src/nav_viewer_app/install/nav_viewer/lib/python3.10/site-packages:${PYTHONPATH} /usr/bin/python3 -W ignore:setup.py install is deprecated -W ignore:easy_install command is deprecated setup.py develop --editable --build-directory /home/ubuntu/Desktop/ros2_ws/src/nav_viewer_app/build/nav_viewer/build --no-deps
[2.410s] INFO:colcon.colcon_core.shell:Creating environment hook '/home/ubuntu/Desktop/ros2_ws/src/nav_viewer_app/build/nav_viewer/share/nav_viewer/hook/pythonpath_develop.ps1'
[2.412s] INFO:colcon.colcon_core.shell:Creating environment descriptor '/home/ubuntu/Desktop/ros2_ws/src/nav_viewer_app/build/nav_viewer/share/nav_viewer/hook/pythonpath_develop.dsv'
[2.413s] INFO:colcon.colcon_core.shell:Creating environment hook '/home/ubuntu/Desktop/ros2_ws/src/nav_viewer_app/build/nav_viewer/share/nav_viewer/hook/pythonpath_develop.sh'
[2.416s] Level 1:colcon.colcon_core.environment:checking '/home/ubuntu/Desktop/ros2_ws/src/nav_viewer_app/install/nav_viewer' for CMake module files
[2.417s] Level 1:colcon.colcon_core.environment:checking '/home/ubuntu/Desktop/ros2_ws/src/nav_viewer_app/install/nav_viewer' for CMake config files
[2.418s] Level 1:colcon.colcon_core.environment:checking '/home/ubuntu/Desktop/ros2_ws/src/nav_viewer_app/install/nav_viewer/lib'
[2.418s] Level 1:colcon.colcon_core.environment:checking '/home/ubuntu/Desktop/ros2_ws/src/nav_viewer_app/install/nav_viewer/bin'
[2.418s] Level 1:colcon.colcon_core.shell:create_environment_hook('nav_viewer', 'path')
[2.418s] INFO:colcon.colcon_core.shell:Creating environment hook '/home/ubuntu/Desktop/ros2_ws/src/nav_viewer_app/install/nav_viewer/share/nav_viewer/hook/path.ps1'
[2.419s] INFO:colcon.colcon_core.shell:Creating environment descriptor '/home/ubuntu/Desktop/ros2_ws/src/nav_viewer_app/install/nav_viewer/share/nav_viewer/hook/path.dsv'
[2.420s] INFO:colcon.colcon_core.shell:Creating environment hook '/home/ubuntu/Desktop/ros2_ws/src/nav_viewer_app/install/nav_viewer/share/nav_viewer/hook/path.sh'
[2.421s] Level 1:colcon.colcon_core.environment:checking '/home/ubuntu/Desktop/ros2_ws/src/nav_viewer_app/install/nav_viewer/lib/pkgconfig/nav_viewer.pc'
[2.422s] Level 1:colcon.colcon_core.environment:checking '/home/ubuntu/Desktop/ros2_ws/src/nav_viewer_app/install/nav_viewer/lib/python3.10/site-packages'
[2.422s] Level 1:colcon.colcon_core.shell:create_environment_hook('nav_viewer', 'pythonpath')
[2.423s] INFO:colcon.colcon_core.shell:Creating environment hook '/home/ubuntu/Desktop/ros2_ws/src/nav_viewer_app/install/nav_viewer/share/nav_viewer/hook/pythonpath.ps1'
[2.423s] INFO:colcon.colcon_core.shell:Creating environment descriptor '/home/ubuntu/Desktop/ros2_ws/src/nav_viewer_app/install/nav_viewer/share/nav_viewer/hook/pythonpath.dsv'
[2.424s] INFO:colcon.colcon_core.shell:Creating environment hook '/home/ubuntu/Desktop/ros2_ws/src/nav_viewer_app/install/nav_viewer/share/nav_viewer/hook/pythonpath.sh'
[2.425s] Level 1:colcon.colcon_core.environment:checking '/home/ubuntu/Desktop/ros2_ws/src/nav_viewer_app/install/nav_viewer/bin'
[2.425s] Level 1:colcon.colcon_core.shell:create_environment_hook('nav_viewer', 'pythonscriptspath')
[2.425s] INFO:colcon.colcon_core.shell:Creating environment hook '/home/ubuntu/Desktop/ros2_ws/src/nav_viewer_app/install/nav_viewer/share/nav_viewer/hook/pythonscriptspath.ps1'
[2.426s] INFO:colcon.colcon_core.shell:Creating environment descriptor '/home/ubuntu/Desktop/ros2_ws/src/nav_viewer_app/install/nav_viewer/share/nav_viewer/hook/pythonscriptspath.dsv'
[2.427s] INFO:colcon.colcon_core.shell:Creating environment hook '/home/ubuntu/Desktop/ros2_ws/src/nav_viewer_app/install/nav_viewer/share/nav_viewer/hook/pythonscriptspath.sh'
[2.427s] Level 1:colcon.colcon_core.environment:create_environment_scripts_only(nav_viewer)
[2.428s] INFO:colcon.colcon_core.shell:Creating package script '/home/ubuntu/Desktop/ros2_ws/src/nav_viewer_app/install/nav_viewer/share/nav_viewer/package.ps1'
[2.429s] INFO:colcon.colcon_core.shell:Creating package descriptor '/home/ubuntu/Desktop/ros2_ws/src/nav_viewer_app/install/nav_viewer/share/nav_viewer/package.dsv'
[2.431s] INFO:colcon.colcon_core.shell:Creating package script '/home/ubuntu/Desktop/ros2_ws/src/nav_viewer_app/install/nav_viewer/share/nav_viewer/package.sh'
[2.432s] INFO:colcon.colcon_core.shell:Creating package script '/home/ubuntu/Desktop/ros2_ws/src/nav_viewer_app/install/nav_viewer/share/nav_viewer/package.bash'
[2.433s] INFO:colcon.colcon_core.shell:Creating package script '/home/ubuntu/Desktop/ros2_ws/src/nav_viewer_app/install/nav_viewer/share/nav_viewer/package.zsh'
[2.434s] Level 1:colcon.colcon_core.environment:create_file_with_runtime_dependencies(/home/ubuntu/Desktop/ros2_ws/src/nav_viewer_app/install/nav_viewer/share/colcon-core/packages/nav_viewer)
[2.436s] DEBUG:colcon.colcon_parallel_executor.executor.parallel:closing loop
[2.437s] DEBUG:colcon.colcon_parallel_executor.executor.parallel:loop closed
[2.437s] DEBUG:colcon.colcon_parallel_executor.executor.parallel:run_until_complete finished with '0'
[2.437s] DEBUG:colcon.colcon_core.event_reactor:joining thread
[2.444s] INFO:colcon.colcon_core.plugin_system:Skipping extension 'colcon_notification.desktop_notification.terminal_notifier': Not used on non-Darwin systems
[2.449s] INFO:colcon.colcon_core.plugin_system:Skipping extension 'colcon_notification.desktop_notification.win32': Not used on non-Windows systems
[2.449s] INFO:colcon.colcon_notification.desktop_notification:Sending desktop notification using 'notify2'
[2.784s] DEBUG:colcon.colcon_core.event_reactor:joined thread
[2.784s] INFO:colcon.colcon_core.shell:Creating prefix script '/home/ubuntu/Desktop/ros2_ws/src/nav_viewer_app/install/local_setup.ps1'
[2.786s] INFO:colcon.colcon_core.shell:Creating prefix util module '/home/ubuntu/Desktop/ros2_ws/src/nav_viewer_app/install/_local_setup_util_ps1.py'
[2.788s] INFO:colcon.colcon_core.shell:Creating prefix chain script '/home/ubuntu/Desktop/ros2_ws/src/nav_viewer_app/install/setup.ps1'
[2.790s] INFO:colcon.colcon_core.shell:Creating prefix script '/home/ubuntu/Desktop/ros2_ws/src/nav_viewer_app/install/local_setup.sh'
[2.790s] INFO:colcon.colcon_core.shell:Creating prefix util module '/home/ubuntu/Desktop/ros2_ws/src/nav_viewer_app/install/_local_setup_util_sh.py'
[2.791s] INFO:colcon.colcon_core.shell:Creating prefix chain script '/home/ubuntu/Desktop/ros2_ws/src/nav_viewer_app/install/setup.sh'
[2.792s] INFO:colcon.colcon_core.shell:Creating prefix script '/home/ubuntu/Desktop/ros2_ws/src/nav_viewer_app/install/local_setup.bash'
[2.793s] INFO:colcon.colcon_core.shell:Creating prefix chain script '/home/ubuntu/Desktop/ros2_ws/src/nav_viewer_app/install/setup.bash'
[2.794s] INFO:colcon.colcon_core.shell:Creating prefix script '/home/ubuntu/Desktop/ros2_ws/src/nav_viewer_app/install/local_setup.zsh'
[2.795s] INFO:colcon.colcon_core.shell:Creating prefix chain script '/home/ubuntu/Desktop/ros2_ws/src/nav_viewer_app/install/setup.zsh'
