[0.000000] (-) TimerEvent: {}
[0.001352] (moon_rover_sim) JobQueued: {'identifier': 'moon_rover_sim', 'dependencies': OrderedDict()}
[0.001647] (nav_viewer) JobQueued: {'identifier': 'nav_viewer', 'dependencies': OrderedDict()}
[0.001944] (moon_rover_sim) JobStarted: {'identifier': 'moon_rover_sim'}
[0.011228] (nav_viewer) JobStarted: {'identifier': 'nav_viewer'}
[0.019715] (moon_rover_sim) JobProgress: {'identifier': 'moon_rover_sim', 'progress': 'cmake'}
[0.023377] (moon_rover_sim) JobProgress: {'identifier': 'moon_rover_sim', 'progress': 'build'}
[0.023772] (moon_rover_sim) Command: {'cmd': ['/usr/bin/cmake', '--build', '/home/ubuntu/Desktop/ros2_ws/build/moon_rover_sim', '--', '-j16', '-l16'], 'cwd': '/home/ubuntu/Desktop/ros2_ws/build/moon_rover_sim', 'env': OrderedDict([('VNCDESKTOP', 'ebeead3a0b41:1 (ubuntu)'), ('QT_SCALE_FACTOR', '1'), ('USER', 'ubuntu'), ('SUPERVISOR_GROUP_NAME', 'vnc'), ('HOSTNAME', 'ebeead3a0b41'), ('XDG_SESSION_TYPE', 'x11'), ('GIT_ASKPASS', '/usr/share/antigravity/resources/app/extensions/git/dist/askpass.sh'), ('SHLVL', '3'), ('LD_LIBRARY_PATH', '/usr/lib/x86_64-linux-gnu/gazebo-11/plugins:/opt/ros/humble/opt/rviz_ogre_vendor/lib:/opt/ros/humble/lib/x86_64-linux-gnu:/opt/ros/humble/lib'), ('ANTIGRAVITY_CLI_ALIAS', 'agy'), ('HOME', '/home/ubuntu'), ('CHROME_DESKTOP', 'antigravity.desktop'), ('OLDPWD', '/home/ubuntu/Desktop/ros2_ws/src'), ('TERM_PROGRAM_VERSION', '1.104.0'), ('GIO_LAUNCHED_DESKTOP_FILE', '/usr/share/applications/terminator.desktop'), ('ROS_PYTHON_VERSION', '3'), ('VSCODE_GIT_ASKPASS_MAIN', '/usr/share/antigravity/resources/app/extensions/git/dist/askpass-main.js'), ('VSCODE_GIT_ASKPASS_NODE', '/usr/share/antigravity/antigravity'), ('LC_CTYPE', 'C.UTF-8'), ('DBUS_STARTER_BUS_TYPE', 'session'), ('VSCODE_PYTHON_AUTOACTIVATE_GUARD', '1'), ('DBUS_SESSION_BUS_ADDRESS', 'unix:abstract=/tmp/dbus-HEGd0TDkbn,guid=0f31b348808297c31992d9bd6958d839'), ('COLORTERM', 'truecolor'), ('TERMINATOR_DBUS_NAME', 'net.tenshu.Terminator23558193cd9818af7fe4d2c2f5bd9d00f'), ('GIO_LAUNCHED_DESKTOP_FILE_PID', '1312'), ('GNOME_KEYRING_CONTROL', '/home/ubuntu/.cache/keyring-697PI3'), ('ROS_DISTRO', 'humble'), ('_', '/usr/bin/colcon'), ('ROS_VERSION', '2'), ('XDG_SESSION_CLASS', 'user'), ('TERM', 'xterm-256color'), ('GTK_OVERLAY_SCROLLING', '0'), ('ROS_LOCALHOST_ONLY', '0'), ('PATH', '/opt/ros/humble/bin:/usr/local/sbin:/usr/local/bin:/usr/sbin:/usr/bin:/sbin:/bin'), ('SESSION_MANAGER', 'local/ebeead3a0b41:@/tmp/.ICE-unix/79,unix/ebeead3a0b41:/tmp/.ICE-unix/79'), ('GDK_BACKEND', 'x11'), ('DISPLAY', ':1'), ('TERMINATOR_DBUS_PATH', '/net/tenshu/Terminator2'), ('LANG', 'en_US.UTF-8'), ('XDG_CURRENT_DESKTOP', 'MATE'), ('VSCODE_GIT_IPC_HANDLE', '/tmp/vscode-git-ce6a0aa80f.sock'), ('SUPERVISOR_ENABLED', '1'), ('TERM_PROGRAM', 'vscode'), ('SSH_AUTH_SOCK', '/home/ubuntu/.cache/keyring-697PI3/ssh'), ('AMENT_PREFIX_PATH', '/opt/ros/humble'), ('ORIGINAL_XDG_CURRENT_DESKTOP', 'MATE'), ('DEBIAN_FRONTEND', 'noninteractive'), ('TERMINATOR_UUID', 'urn:uuid:6424b0bf-8356-4cf1-ae2e-1c1b70c84211'), ('NO_AT_BRIDGE', '1'), ('PASSWD', 'ubuntu'), ('SUPERVISOR_SERVER_URL', 'unix:///var/run/supervisor.sock'), ('VSCODE_GIT_ASKPASS_EXTRA_ARGS', ''), ('SUPERVISOR_PROCESS_NAME', 'vnc'), ('PWD', '/home/ubuntu/Desktop/ros2_ws/build/moon_rover_sim'), ('DBUS_STARTER_ADDRESS', 'unix:abstract=/tmp/dbus-HEGd0TDkbn,guid=0f31b348808297c31992d9bd6958d839'), ('PYTHONPATH', '/opt/ros/humble/lib/python3.10/site-packages:/opt/ros/humble/local/lib/python3.10/dist-packages'), ('MATE_DESKTOP_SESSION_ID', 'this-is-deprecated'), ('COLCON', '1'), ('VTE_VERSION', '6800'), ('QT_FONT_DPI', '96'), ('CMAKE_PREFIX_PATH', '/opt/ros/humble')]), 'shell': False}
[0.099009] (-) TimerEvent: {}
[0.199506] (-) TimerEvent: {}
[0.300037] (-) TimerEvent: {}
[0.400490] (-) TimerEvent: {}
[0.476164] (moon_rover_sim) CommandEnded: {'returncode': 0}
[0.478644] (moon_rover_sim) JobProgress: {'identifier': 'moon_rover_sim', 'progress': 'install'}
[0.491431] (moon_rover_sim) Command: {'cmd': ['/usr/bin/cmake', '--install', '/home/ubuntu/Desktop/ros2_ws/build/moon_rover_sim'], 'cwd': '/home/ubuntu/Desktop/ros2_ws/build/moon_rover_sim', 'env': OrderedDict([('VNCDESKTOP', 'ebeead3a0b41:1 (ubuntu)'), ('QT_SCALE_FACTOR', '1'), ('USER', 'ubuntu'), ('SUPERVISOR_GROUP_NAME', 'vnc'), ('HOSTNAME', 'ebeead3a0b41'), ('XDG_SESSION_TYPE', 'x11'), ('GIT_ASKPASS', '/usr/share/antigravity/resources/app/extensions/git/dist/askpass.sh'), ('SHLVL', '3'), ('LD_LIBRARY_PATH', '/usr/lib/x86_64-linux-gnu/gazebo-11/plugins:/opt/ros/humble/opt/rviz_ogre_vendor/lib:/opt/ros/humble/lib/x86_64-linux-gnu:/opt/ros/humble/lib'), ('ANTIGRAVITY_CLI_ALIAS', 'agy'), ('HOME', '/home/ubuntu'), ('CHROME_DESKTOP', 'antigravity.desktop'), ('OLDPWD', '/home/ubuntu/Desktop/ros2_ws/src'), ('TERM_PROGRAM_VERSION', '1.104.0'), ('GIO_LAUNCHED_DESKTOP_FILE', '/usr/share/applications/terminator.desktop'), ('ROS_PYTHON_VERSION', '3'), ('VSCODE_GIT_ASKPASS_MAIN', '/usr/share/antigravity/resources/app/extensions/git/dist/askpass-main.js'), ('VSCODE_GIT_ASKPASS_NODE', '/usr/share/antigravity/antigravity'), ('LC_CTYPE', 'C.UTF-8'), ('DBUS_STARTER_BUS_TYPE', 'session'), ('VSCODE_PYTHON_AUTOACTIVATE_GUARD', '1'), ('DBUS_SESSION_BUS_ADDRESS', 'unix:abstract=/tmp/dbus-HEGd0TDkbn,guid=0f31b348808297c31992d9bd6958d839'), ('COLORTERM', 'truecolor'), ('TERMINATOR_DBUS_NAME', 'net.tenshu.Terminator23558193cd9818af7fe4d2c2f5bd9d00f'), ('GIO_LAUNCHED_DESKTOP_FILE_PID', '1312'), ('GNOME_KEYRING_CONTROL', '/home/ubuntu/.cache/keyring-697PI3'), ('ROS_DISTRO', 'humble'), ('_', '/usr/bin/colcon'), ('ROS_VERSION', '2'), ('XDG_SESSION_CLASS', 'user'), ('TERM', 'xterm-256color'), ('GTK_OVERLAY_SCROLLING', '0'), ('ROS_LOCALHOST_ONLY', '0'), ('PATH', '/opt/ros/humble/bin:/usr/local/sbin:/usr/local/bin:/usr/sbin:/usr/bin:/sbin:/bin'), ('SESSION_MANAGER', 'local/ebeead3a0b41:@/tmp/.ICE-unix/79,unix/ebeead3a0b41:/tmp/.ICE-unix/79'), ('GDK_BACKEND', 'x11'), ('DISPLAY', ':1'), ('TERMINATOR_DBUS_PATH', '/net/tenshu/Terminator2'), ('LANG', 'en_US.UTF-8'), ('XDG_CURRENT_DESKTOP', 'MATE'), ('VSCODE_GIT_IPC_HANDLE', '/tmp/vscode-git-ce6a0aa80f.sock'), ('SUPERVISOR_ENABLED', '1'), ('TERM_PROGRAM', 'vscode'), ('SSH_AUTH_SOCK', '/home/ubuntu/.cache/keyring-697PI3/ssh'), ('AMENT_PREFIX_PATH', '/opt/ros/humble'), ('ORIGINAL_XDG_CURRENT_DESKTOP', 'MATE'), ('DEBIAN_FRONTEND', 'noninteractive'), ('TERMINATOR_UUID', 'urn:uuid:6424b0bf-8356-4cf1-ae2e-1c1b70c84211'), ('NO_AT_BRIDGE', '1'), ('PASSWD', 'ubuntu'), ('SUPERVISOR_SERVER_URL', 'unix:///var/run/supervisor.sock'), ('VSCODE_GIT_ASKPASS_EXTRA_ARGS', ''), ('SUPERVISOR_PROCESS_NAME', 'vnc'), ('PWD', '/home/ubuntu/Desktop/ros2_ws/build/moon_rover_sim'), ('DBUS_STARTER_ADDRESS', 'unix:abstract=/tmp/dbus-HEGd0TDkbn,guid=0f31b348808297c31992d9bd6958d839'), ('PYTHONPATH', '/opt/ros/humble/lib/python3.10/site-packages:/opt/ros/humble/local/lib/python3.10/dist-packages'), ('MATE_DESKTOP_SESSION_ID', 'this-is-deprecated'), ('COLCON', '1'), ('VTE_VERSION', '6800'), ('QT_FONT_DPI', '96'), ('CMAKE_PREFIX_PATH', '/opt/ros/humble')]), 'shell': False}
[0.500608] (-) TimerEvent: {}
[0.502627] (moon_rover_sim) StdoutLine: {'line': b'-- Install configuration: ""\n'}
[0.504151] (moon_rover_sim) StdoutLine: {'line': b'-- Execute custom install script\n'}
[0.505693] (moon_rover_sim) StdoutLine: {'line': b'-- Up-to-date symlink: /home/ubuntu/Desktop/ros2_ws/install/moon_rover_sim/share/moon_rover_sim/urdf/lidar.urdf.xacro\n'}
[0.506095] (moon_rover_sim) StdoutLine: {'line': b'-- Up-to-date symlink: /home/ubuntu/Desktop/ros2_ws/install/moon_rover_sim/share/moon_rover_sim/urdf/rover.urdf.xacro\n'}
[0.506378] (moon_rover_sim) StdoutLine: {'line': b'-- Up-to-date symlink: /home/ubuntu/Desktop/ros2_ws/install/moon_rover_sim/share/moon_rover_sim/worlds/moon.world\n'}
[0.506869] (moon_rover_sim) StdoutLine: {'line': b'-- Up-to-date symlink: /home/ubuntu/Desktop/ros2_ws/install/moon_rover_sim/share/moon_rover_sim/launch/navigation.launch.py\n'}
[0.507056] (moon_rover_sim) StdoutLine: {'line': b'-- Up-to-date symlink: /home/ubuntu/Desktop/ros2_ws/install/moon_rover_sim/share/moon_rover_sim/launch/rviz.launch.py\n'}
[0.507300] (moon_rover_sim) StdoutLine: {'line': b'-- Up-to-date symlink: /home/ubuntu/Desktop/ros2_ws/install/moon_rover_sim/share/moon_rover_sim/launch/simulation.launch.py\n'}
[0.507664] (moon_rover_sim) StdoutLine: {'line': b'-- Up-to-date symlink: /home/ubuntu/Desktop/ros2_ws/install/moon_rover_sim/share/moon_rover_sim/rviz/nav2.rviz\n'}
[0.507818] (moon_rover_sim) StdoutLine: {'line': b'-- Up-to-date symlink: /home/ubuntu/Desktop/ros2_ws/install/moon_rover_sim/share/moon_rover_sim/rviz/rover.rviz\n'}
[0.508015] (moon_rover_sim) StdoutLine: {'line': b'-- Up-to-date symlink: /home/ubuntu/Desktop/ros2_ws/install/moon_rover_sim/share/moon_rover_sim/config/nav2_params.yaml\n'}
[0.508137] (moon_rover_sim) StdoutLine: {'line': b'-- Up-to-date symlink: /home/ubuntu/Desktop/ros2_ws/install/moon_rover_sim/share/moon_rover_sim/config/rover_params.yaml\n'}
[0.508241] (moon_rover_sim) StdoutLine: {'line': b'-- Up-to-date symlink: /home/ubuntu/Desktop/ros2_ws/install/moon_rover_sim/share/moon_rover_sim/config/slam_params.yaml\n'}
[0.508351] (moon_rover_sim) StdoutLine: {'line': b'-- Up-to-date symlink: /home/ubuntu/Desktop/ros2_ws/install/moon_rover_sim/share/ament_index/resource_index/package_run_dependencies/moon_rover_sim\n'}
[0.510643] (moon_rover_sim) StdoutLine: {'line': b'-- Up-to-date symlink: /home/ubuntu/Desktop/ros2_ws/install/moon_rover_sim/share/ament_index/resource_index/parent_prefix_path/moon_rover_sim\n'}
[0.513379] (moon_rover_sim) StdoutLine: {'line': b'-- Up-to-date symlink: /home/ubuntu/Desktop/ros2_ws/install/moon_rover_sim/share/moon_rover_sim/environment/ament_prefix_path.sh\n'}
[0.514023] (moon_rover_sim) StdoutLine: {'line': b'-- Up-to-date symlink: /home/ubuntu/Desktop/ros2_ws/install/moon_rover_sim/share/moon_rover_sim/environment/ament_prefix_path.dsv\n'}
[0.514573] (moon_rover_sim) StdoutLine: {'line': b'-- Up-to-date symlink: /home/ubuntu/Desktop/ros2_ws/install/moon_rover_sim/share/moon_rover_sim/environment/path.sh\n'}
[0.514742] (moon_rover_sim) StdoutLine: {'line': b'-- Up-to-date symlink: /home/ubuntu/Desktop/ros2_ws/install/moon_rover_sim/share/moon_rover_sim/environment/path.dsv\n'}
[0.515348] (moon_rover_sim) StdoutLine: {'line': b'-- Up-to-date symlink: /home/ubuntu/Desktop/ros2_ws/install/moon_rover_sim/share/moon_rover_sim/local_setup.bash\n'}
[0.516146] (moon_rover_sim) StdoutLine: {'line': b'-- Up-to-date symlink: /home/ubuntu/Desktop/ros2_ws/install/moon_rover_sim/share/moon_rover_sim/local_setup.sh\n'}
[0.516519] (moon_rover_sim) StdoutLine: {'line': b'-- Up-to-date symlink: /home/ubuntu/Desktop/ros2_ws/install/moon_rover_sim/share/moon_rover_sim/local_setup.zsh\n'}
[0.516732] (moon_rover_sim) StdoutLine: {'line': b'-- Up-to-date symlink: /home/ubuntu/Desktop/ros2_ws/install/moon_rover_sim/share/moon_rover_sim/local_setup.dsv\n'}
[0.517013] (moon_rover_sim) StdoutLine: {'line': b'-- Symlinking: /home/ubuntu/Desktop/ros2_ws/install/moon_rover_sim/share/moon_rover_sim/package.dsv\n'}
[0.529819] (moon_rover_sim) StdoutLine: {'line': b'-- Up-to-date symlink: /home/ubuntu/Desktop/ros2_ws/install/moon_rover_sim/share/ament_index/resource_index/packages/moon_rover_sim\n'}
[0.530617] (moon_rover_sim) StdoutLine: {'line': b'-- Up-to-date symlink: /home/ubuntu/Desktop/ros2_ws/install/moon_rover_sim/share/moon_rover_sim/cmake/moon_rover_simConfig.cmake\n'}
[0.530923] (moon_rover_sim) StdoutLine: {'line': b'-- Up-to-date symlink: /home/ubuntu/Desktop/ros2_ws/install/moon_rover_sim/share/moon_rover_sim/cmake/moon_rover_simConfig-version.cmake\n'}
[0.531101] (moon_rover_sim) StdoutLine: {'line': b'-- Up-to-date symlink: /home/ubuntu/Desktop/ros2_ws/install/moon_rover_sim/share/moon_rover_sim/package.xml\n'}
[0.535091] (moon_rover_sim) CommandEnded: {'returncode': 0}
[0.568528] (moon_rover_sim) JobEnded: {'identifier': 'moon_rover_sim', 'rc': 0}
[0.600808] (-) TimerEvent: {}
[0.701588] (-) TimerEvent: {}
[0.802184] (-) TimerEvent: {}
[0.902642] (-) TimerEvent: {}
[1.003088] (-) TimerEvent: {}
[1.092407] (nav_viewer) Command: {'cmd': ['/usr/bin/python3', '-W', 'ignore:setup.py install is deprecated', '-W', 'ignore:easy_install command is deprecated', 'setup.py', 'develop', '--editable', '--build-directory', '/home/ubuntu/Desktop/ros2_ws/build/nav_viewer/build', '--no-deps'], 'cwd': '/home/ubuntu/Desktop/ros2_ws/build/nav_viewer', 'env': {'VNCDESKTOP': 'ebeead3a0b41:1 (ubuntu)', 'QT_SCALE_FACTOR': '1', 'USER': 'ubuntu', 'SUPERVISOR_GROUP_NAME': 'vnc', 'HOSTNAME': 'ebeead3a0b41', 'XDG_SESSION_TYPE': 'x11', 'GIT_ASKPASS': '/usr/share/antigravity/resources/app/extensions/git/dist/askpass.sh', 'SHLVL': '3', 'LD_LIBRARY_PATH': '/usr/lib/x86_64-linux-gnu/gazebo-11/plugins:/opt/ros/humble/opt/rviz_ogre_vendor/lib:/opt/ros/humble/lib/x86_64-linux-gnu:/opt/ros/humble/lib', 'ANTIGRAVITY_CLI_ALIAS': 'agy', 'HOME': '/home/ubuntu', 'CHROME_DESKTOP': 'antigravity.desktop', 'OLDPWD': '/home/ubuntu/Desktop/ros2_ws/src', 'TERM_PROGRAM_VERSION': '1.104.0', 'GIO_LAUNCHED_DESKTOP_FILE': '/usr/share/applications/terminator.desktop', 'ROS_PYTHON_VERSION': '3', 'VSCODE_GIT_ASKPASS_MAIN': '/usr/share/antigravity/resources/app/extensions/git/dist/askpass-main.js', 'VSCODE_GIT_ASKPASS_NODE': '/usr/share/antigravity/antigravity', 'LC_CTYPE': 'C.UTF-8', 'DBUS_STARTER_BUS_TYPE': 'session', 'VSCODE_PYTHON_AUTOACTIVATE_GUARD': '1', 'DBUS_SESSION_BUS_ADDRESS': 'unix:abstract=/tmp/dbus-HEGd0TDkbn,guid=0f31b348808297c31992d9bd6958d839', 'COLORTERM': 'truecolor', 'TERMINATOR_DBUS_NAME': 'net.tenshu.Terminator23558193cd9818af7fe4d2c2f5bd9d00f', 'GIO_LAUNCHED_DESKTOP_FILE_PID': '1312', 'GNOME_KEYRING_CONTROL': '/home/ubuntu/.cache/keyring-697PI3', 'ROS_DISTRO': 'humble', '_': '/usr/bin/colcon', 'ROS_VERSION': '2', 'XDG_SESSION_CLASS': 'user', 'TERM': 'xterm-256color', 'GTK_OVERLAY_SCROLLING': '0', 'ROS_LOCALHOST_ONLY': '0', 'PATH': '/opt/ros/humble/bin:/usr/local/sbin:/usr/local/bin:/usr/sbin:/usr/bin:/sbin:/bin', 'SESSION_MANAGER': 'local/ebeead3a0b41:@/tmp/.ICE-unix/79,unix/ebeead3a0b41:/tmp/.ICE-unix/79', 'GDK_BACKEND': 'x11', 'DISPLAY': ':1', 'TERMINATOR_DBUS_PATH': '/net/tenshu/Terminator2', 'LANG': 'en_US.UTF-8', 'XDG_CURRENT_DESKTOP': 'MATE', 'VSCODE_GIT_IPC_HANDLE': '/tmp/vscode-git-ce6a0aa80f.sock', 'SUPERVISOR_ENABLED': '1', 'TERM_PROGRAM': 'vscode', 'SSH_AUTH_SOCK': '/home/ubuntu/.cache/keyring-697PI3/ssh', 'AMENT_PREFIX_PATH': '/opt/ros/humble', 'ORIGINAL_XDG_CURRENT_DESKTOP': 'MATE', 'DEBIAN_FRONTEND': 'noninteractive', 'TERMINATOR_UUID': 'urn:uuid:6424b0bf-8356-4cf1-ae2e-1c1b70c84211', 'NO_AT_BRIDGE': '1', 'PASSWD': 'ubuntu', 'SUPERVISOR_SERVER_URL': 'unix:///var/run/supervisor.sock', 'VSCODE_GIT_ASKPASS_EXTRA_ARGS': '', 'SUPERVISOR_PROCESS_NAME': 'vnc', 'PWD': '/home/ubuntu/Desktop/ros2_ws/build/nav_viewer', 'DBUS_STARTER_ADDRESS': 'unix:abstract=/tmp/dbus-HEGd0TDkbn,guid=0f31b348808297c31992d9bd6958d839', 'PYTHONPATH': '/home/ubuntu/Desktop/ros2_ws/build/nav_viewer/prefix_override:/usr/lib/python3/dist-packages/colcon_core/task/python/colcon_distutils_commands:/home/ubuntu/Desktop/ros2_ws/install/nav_viewer/lib/python3.10/site-packages:/opt/ros/humble/lib/python3.10/site-packages:/opt/ros/humble/local/lib/python3.10/dist-packages', 'MATE_DESKTOP_SESSION_ID': 'this-is-deprecated', 'COLCON': '1', 'VTE_VERSION': '6800', 'QT_FONT_DPI': '96'}, 'shell': False}
[1.103268] (-) TimerEvent: {}
[1.203691] (-) TimerEvent: {}
[1.304064] (-) TimerEvent: {}
[1.404537] (-) TimerEvent: {}
[1.486622] (nav_viewer) StdoutLine: {'line': b'running develop\n'}
[1.504646] (-) TimerEvent: {}
[1.605327] (-) TimerEvent: {}
[1.705772] (-) TimerEvent: {}
[1.818959] (-) TimerEvent: {}
[1.919442] (-) TimerEvent: {}
[2.020650] (-) TimerEvent: {}
[2.048151] (nav_viewer) StdoutLine: {'line': b'running egg_info\n'}
[2.048506] (nav_viewer) StdoutLine: {'line': b'creating nav_viewer.egg-info\n'}
[2.048968] (nav_viewer) StdoutLine: {'line': b'writing nav_viewer.egg-info/PKG-INFO\n'}
[2.049399] (nav_viewer) StdoutLine: {'line': b'writing dependency_links to nav_viewer.egg-info/dependency_links.txt\n'}
[2.050093] (nav_viewer) StdoutLine: {'line': b'writing entry points to nav_viewer.egg-info/entry_points.txt\n'}
[2.051399] (nav_viewer) StdoutLine: {'line': b'writing requirements to nav_viewer.egg-info/requires.txt\n'}
[2.051666] (nav_viewer) StdoutLine: {'line': b'writing top-level names to nav_viewer.egg-info/top_level.txt\n'}
[2.051814] (nav_viewer) StdoutLine: {'line': b"writing manifest file 'nav_viewer.egg-info/SOURCES.txt'\n"}
[2.056075] (nav_viewer) StdoutLine: {'line': b"reading manifest file 'nav_viewer.egg-info/SOURCES.txt'\n"}
[2.057619] (nav_viewer) StdoutLine: {'line': b"writing manifest file 'nav_viewer.egg-info/SOURCES.txt'\n"}
[2.060177] (nav_viewer) StdoutLine: {'line': b'running build_ext\n'}
[2.060968] (nav_viewer) StdoutLine: {'line': b'Creating /home/ubuntu/Desktop/ros2_ws/install/nav_viewer/lib/python3.10/site-packages/nav-viewer.egg-link (link to .)\n'}
[2.062573] (nav_viewer) StdoutLine: {'line': b'Installing nav-viewer script to /home/ubuntu/Desktop/ros2_ws/install/nav_viewer/bin\n'}
[2.068812] (nav_viewer) StdoutLine: {'line': b'\n'}
[2.069317] (nav_viewer) StdoutLine: {'line': b'Installed /home/ubuntu/Desktop/ros2_ws/build/nav_viewer\n'}
[2.120964] (-) TimerEvent: {}
[2.130918] (nav_viewer) CommandEnded: {'returncode': 0}
[2.169112] (nav_viewer) JobEnded: {'identifier': 'nav_viewer', 'rc': 0}
[2.171296] (-) EventReactorShutdown: {}
