[0.171s] DEBUG:colcon:Command line arguments: ['/usr/bin/colcon', 'build', '--symlink-install']
[0.171s] DEBUG:colcon:Parsed command line arguments: Namespace(log_base=None, log_level=None, verb_name='build', build_base='build', install_base='install', merge_install=False, symlink_install=True, test_result_base=None, continue_on_error=False, executor='parallel', parallel_workers=16, event_handlers=None, ignore_user_meta=False, metas=['./colcon.meta'], base_paths=['.'], packages_ignore=None, packages_ignore_regex=None, paths=None, packages_up_to=None, packages_up_to_regex=None, packages_above=None, packages_above_and_dependencies=None, packages_above_depth=None, packages_select_by_dep=None, packages_skip_by_dep=None, packages_skip_up_to=None, packages_select_build_failed=False, packages_skip_build_finished=False, packages_select_test_failures=False, packages_skip_test_passed=False, packages_select=None, packages_skip=None, packages_select_regex=None, packages_skip_regex=None, packages_start=None, packages_end=None, allow_overriding=[], cmake_args=None, cmake_target=None, cmake_target_skip_unavailable=False, cmake_clean_cache=False, cmake_clean_first=False, cmake_force_configure=False, ament_cmake_args=None, catkin_cmake_args=None, catkin_skip_building_tests=False, verb_parser=<colcon_defaults.argument_parser.defaults.DefaultArgumentsDecorator object at 0x7f26f9c17610>, verb_extension=<colcon_core.verb.build.BuildVerb object at 0x7f26f9bcc3a0>, main=<bound method BuildVerb.main of <colcon_core.verb.build.BuildVerb object at 0x7f26f9bcc3a0>>)
[0.464s] Level 1:colcon.colcon_core.package_discovery:discover_packages(colcon_meta) check parameters
[0.465s] Level 1:colcon.colcon_core.package_discovery:discover_packages(recursive) check parameters
[0.465s] Level 1:colcon.colcon_core.package_discovery:discover_packages(ignore) check parameters
[0.465s] Level 1:colcon.colcon_core.package_discovery:discover_packages(path) check parameters
[0.465s] Level 1:colcon.colcon_core.package_discovery:discover_packages(colcon_meta) discover
[0.465s] Level 1:colcon.colcon_core.package_discovery:discover_packages(recursive) discover
[0.465s] INFO:colcon.colcon_core.package_discovery:Crawling recursively for packages in '/home/ubuntu/Desktop/ros2_ws'
[0.465s] Level 1:colcon.colcon_core.package_identification:_identify(.) by extensions ['ignore', 'ignore_ament_install']
[0.465s] Level 1:colcon.colcon_core.package_identification:_identify(.) by extension 'ignore'
[0.465s] Level 1:colcon.colcon_core.package_identification:_identify(.) by extension 'ignore_ament_install'
[0.465s] Level 1:colcon.colcon_core.package_identification:_identify(.) by extensions ['colcon_pkg']
[0.465s] Level 1:colcon.colcon_core.package_identification:_identify(.) by extension 'colcon_pkg'
[0.465s] Level 1:colcon.colcon_core.package_identification:_identify(.) by extensions ['colcon_meta']
[0.465s] Level 1:colcon.colcon_core.package_identification:_identify(.) by extension 'colcon_meta'
[0.466s] Level 1:colcon.colcon_core.package_identification:_identify(.) by extensions ['ros']
[0.466s] Level 1:colcon.colcon_core.package_identification:_identify(.) by extension 'ros'
[0.483s] Level 1:colcon.colcon_core.package_identification:_identify(.) by extensions ['cmake', 'python']
[0.483s] Level 1:colcon.colcon_core.package_identification:_identify(.) by extension 'cmake'
[0.484s] Level 1:colcon.colcon_core.package_identification:_identify(.) by extension 'python'
[0.484s] Level 1:colcon.colcon_core.package_identification:_identify(.) by extensions ['python_setup_py']
[0.484s] Level 1:colcon.colcon_core.package_identification:_identify(.) by extension 'python_setup_py'
[0.484s] Level 1:colcon.colcon_core.package_identification:_identify(build) by extensions ['ignore', 'ignore_ament_install']
[0.484s] Level 1:colcon.colcon_core.package_identification:_identify(build) by extension 'ignore'
[0.484s] Level 1:colcon.colcon_core.package_identification:_identify(build) ignored
[0.484s] Level 1:colcon.colcon_core.package_identification:_identify(install) by extensions ['ignore', 'ignore_ament_install']
[0.485s] Level 1:colcon.colcon_core.package_identification:_identify(install) by extension 'ignore'
[0.485s] Level 1:colcon.colcon_core.package_identification:_identify(install) ignored
[0.485s] Level 1:colcon.colcon_core.package_identification:_identify(log) by extensions ['ignore', 'ignore_ament_install']
[0.485s] Level 1:colcon.colcon_core.package_identification:_identify(log) by extension 'ignore'
[0.485s] Level 1:colcon.colcon_core.package_identification:_identify(log) ignored
[0.485s] Level 1:colcon.colcon_core.package_identification:_identify(src) by extensions ['ignore', 'ignore_ament_install']
[0.485s] Level 1:colcon.colcon_core.package_identification:_identify(src) by extension 'ignore'
[0.485s] Level 1:colcon.colcon_core.package_identification:_identify(src) by extension 'ignore_ament_install'
[0.486s] Level 1:colcon.colcon_core.package_identification:_identify(src) by extensions ['colcon_pkg']
[0.486s] Level 1:colcon.colcon_core.package_identification:_identify(src) by extension 'colcon_pkg'
[0.486s] Level 1:colcon.colcon_core.package_identification:_identify(src) by extensions ['colcon_meta']
[0.486s] Level 1:colcon.colcon_core.package_identification:_identify(src) by extension 'colcon_meta'
[0.486s] Level 1:colcon.colcon_core.package_identification:_identify(src) by extensions ['ros']
[0.486s] Level 1:colcon.colcon_core.package_identification:_identify(src) by extension 'ros'
[0.486s] Level 1:colcon.colcon_core.package_identification:_identify(src) by extensions ['cmake', 'python']
[0.486s] Level 1:colcon.colcon_core.package_identification:_identify(src) by extension 'cmake'
[0.486s] Level 1:colcon.colcon_core.package_identification:_identify(src) by extension 'python'
[0.486s] Level 1:colcon.colcon_core.package_identification:_identify(src) by extensions ['python_setup_py']
[0.486s] Level 1:colcon.colcon_core.package_identification:_identify(src) by extension 'python_setup_py'
[0.487s] Level 1:colcon.colcon_core.package_identification:_identify(src/moon_rover_sim) by extensions ['ignore', 'ignore_ament_install']
[0.487s] Level 1:colcon.colcon_core.package_identification:_identify(src/moon_rover_sim) by extension 'ignore'
[0.487s] Level 1:colcon.colcon_core.package_identification:_identify(src/moon_rover_sim) by extension 'ignore_ament_install'
[0.487s] Level 1:colcon.colcon_core.package_identification:_identify(src/moon_rover_sim) by extensions ['colcon_pkg']
[0.487s] Level 1:colcon.colcon_core.package_identification:_identify(src/moon_rover_sim) by extension 'colcon_pkg'
[0.487s] Level 1:colcon.colcon_core.package_identification:_identify(src/moon_rover_sim) by extensions ['colcon_meta']
[0.487s] Level 1:colcon.colcon_core.package_identification:_identify(src/moon_rover_sim) by extension 'colcon_meta'
[0.487s] Level 1:colcon.colcon_core.package_identification:_identify(src/moon_rover_sim) by extensions ['ros']
[0.487s] Level 1:colcon.colcon_core.package_identification:_identify(src/moon_rover_sim) by extension 'ros'
[0.488s] Level 1:colcon.colcon_core.package_identification:_identify(src/moon_rover_sim) by extensions ['cmake', 'python']
[0.488s] Level 1:colcon.colcon_core.package_identification:_identify(src/moon_rover_sim) by extension 'cmake'
[0.488s] Level 1:colcon.colcon_core.package_identification:_identify(src/moon_rover_sim) by extension 'python'
[0.488s] Level 1:colcon.colcon_core.package_identification:_identify(src/moon_rover_sim) by extensions ['python_setup_py']
[0.488s] Level 1:colcon.colcon_core.package_identification:_identify(src/moon_rover_sim) by extension 'python_setup_py'
[0.488s] Level 1:colcon.colcon_core.package_identification:_identify(src/moon_rover_sim/build) by extensions ['ignore', 'ignore_ament_install']
[0.488s] Level 1:colcon.colcon_core.package_identification:_identify(src/moon_rover_sim/build) by extension 'ignore'
[0.488s] Level 1:colcon.colcon_core.package_identification:_identify(src/moon_rover_sim/build) ignored
[0.489s] Level 1:colcon.colcon_core.package_identification:_identify(src/moon_rover_sim/install) by extensions ['ignore', 'ignore_ament_install']
[0.489s] Level 1:colcon.colcon_core.package_identification:_identify(src/moon_rover_sim/install) by extension 'ignore'
[0.489s] Level 1:colcon.colcon_core.package_identification:_identify(src/moon_rover_sim/install) ignored
[0.489s] Level 1:colcon.colcon_core.package_identification:_identify(src/moon_rover_sim/log) by extensions ['ignore', 'ignore_ament_install']
[0.489s] Level 1:colcon.colcon_core.package_identification:_identify(src/moon_rover_sim/log) by extension 'ignore'
[0.489s] Level 1:colcon.colcon_core.package_identification:_identify(src/moon_rover_sim/log) ignored
[0.489s] Level 1:colcon.colcon_core.package_identification:_identify(src/moon_rover_sim/src) by extensions ['ignore', 'ignore_ament_install']
[0.490s] Level 1:colcon.colcon_core.package_identification:_identify(src/moon_rover_sim/src) by extension 'ignore'
[0.490s] Level 1:colcon.colcon_core.package_identification:_identify(src/moon_rover_sim/src) by extension 'ignore_ament_install'
[0.490s] Level 1:colcon.colcon_core.package_identification:_identify(src/moon_rover_sim/src) by extensions ['colcon_pkg']
[0.490s] Level 1:colcon.colcon_core.package_identification:_identify(src/moon_rover_sim/src) by extension 'colcon_pkg'
[0.490s] Level 1:colcon.colcon_core.package_identification:_identify(src/moon_rover_sim/src) by extensions ['colcon_meta']
[0.490s] Level 1:colcon.colcon_core.package_identification:_identify(src/moon_rover_sim/src) by extension 'colcon_meta'
[0.490s] Level 1:colcon.colcon_core.package_identification:_identify(src/moon_rover_sim/src) by extensions ['ros']
[0.490s] Level 1:colcon.colcon_core.package_identification:_identify(src/moon_rover_sim/src) by extension 'ros'
[0.490s] Level 1:colcon.colcon_core.package_identification:_identify(src/moon_rover_sim/src) by extensions ['cmake', 'python']
[0.490s] Level 1:colcon.colcon_core.package_identification:_identify(src/moon_rover_sim/src) by extension 'cmake'
[0.490s] Level 1:colcon.colcon_core.package_identification:_identify(src/moon_rover_sim/src) by extension 'python'
[0.491s] Level 1:colcon.colcon_core.package_identification:_identify(src/moon_rover_sim/src) by extensions ['python_setup_py']
[0.491s] Level 1:colcon.colcon_core.package_identification:_identify(src/moon_rover_sim/src) by extension 'python_setup_py'
[0.491s] Level 1:colcon.colcon_core.package_identification:_identify(src/moon_rover_sim/src/moon_rover_sim) by extensions ['ignore', 'ignore_ament_install']
[0.491s] Level 1:colcon.colcon_core.package_identification:_identify(src/moon_rover_sim/src/moon_rover_sim) by extension 'ignore'
[0.491s] Level 1:colcon.colcon_core.package_identification:_identify(src/moon_rover_sim/src/moon_rover_sim) by extension 'ignore_ament_install'
[0.491s] Level 1:colcon.colcon_core.package_identification:_identify(src/moon_rover_sim/src/moon_rover_sim) by extensions ['colcon_pkg']
[0.491s] Level 1:colcon.colcon_core.package_identification:_identify(src/moon_rover_sim/src/moon_rover_sim) by extension 'colcon_pkg'
[0.491s] Level 1:colcon.colcon_core.package_identification:_identify(src/moon_rover_sim/src/moon_rover_sim) by extensions ['colcon_meta']
[0.491s] Level 1:colcon.colcon_core.package_identification:_identify(src/moon_rover_sim/src/moon_rover_sim) by extension 'colcon_meta'
[0.491s] Level 1:colcon.colcon_core.package_identification:_identify(src/moon_rover_sim/src/moon_rover_sim) by extensions ['ros']
[0.492s] Level 1:colcon.colcon_core.package_identification:_identify(src/moon_rover_sim/src/moon_rover_sim) by extension 'ros'
[0.495s] DEBUG:colcon.colcon_core.package_identification:Package 'src/moon_rover_sim/src/moon_rover_sim' with type 'ros.ament_cmake' and name 'moon_rover_sim'
[0.496s] Level 1:colcon.colcon_core.package_identification:_identify(src/nav_viewer_app) by extensions ['ignore', 'ignore_ament_install']
[0.496s] Level 1:colcon.colcon_core.package_identification:_identify(src/nav_viewer_app) by extension 'ignore'
[0.496s] Level 1:colcon.colcon_core.package_identification:_identify(src/nav_viewer_app) by extension 'ignore_ament_install'
[0.496s] Level 1:colcon.colcon_core.package_identification:_identify(src/nav_viewer_app) by extensions ['colcon_pkg']
[0.496s] Level 1:colcon.colcon_core.package_identification:_identify(src/nav_viewer_app) by extension 'colcon_pkg'
[0.496s] Level 1:colcon.colcon_core.package_identification:_identify(src/nav_viewer_app) by extensions ['colcon_meta']
[0.496s] Level 1:colcon.colcon_core.package_identification:_identify(src/nav_viewer_app) by extension 'colcon_meta'
[0.496s] Level 1:colcon.colcon_core.package_identification:_identify(src/nav_viewer_app) by extensions ['ros']
[0.496s] Level 1:colcon.colcon_core.package_identification:_identify(src/nav_viewer_app) by extension 'ros'
[0.496s] Level 1:colcon.colcon_core.package_identification:_identify(src/nav_viewer_app) by extensions ['cmake', 'python']
[0.496s] Level 1:colcon.colcon_core.package_identification:_identify(src/nav_viewer_app) by extension 'cmake'
[0.496s] Level 1:colcon.colcon_core.package_identification:_identify(src/nav_viewer_app) by extension 'python'
[0.496s] Level 1:colcon.colcon_core.package_identification:_identify(src/nav_viewer_app) by extensions ['python_setup_py']
[0.497s] Level 1:colcon.colcon_core.package_identification:_identify(src/nav_viewer_app) by extension 'python_setup_py'
[0.804s] DEBUG:colcon.colcon_core.package_identification:Package 'src/nav_viewer_app' with type 'python' and name 'nav_viewer'
[0.804s] Level 1:colcon.colcon_core.package_discovery:discover_packages(recursive) using defaults
[0.804s] Level 1:colcon.colcon_core.package_discovery:discover_packages(ignore) discover
[0.804s] Level 1:colcon.colcon_core.package_discovery:discover_packages(ignore) using defaults
[0.804s] Level 1:colcon.colcon_core.package_discovery:discover_packages(path) discover
[0.804s] Level 1:colcon.colcon_core.package_discovery:discover_packages(path) using defaults
[0.849s] Level 1:colcon.colcon_core.package_discovery:discover_packages(prefix_path) check parameters
[0.849s] Level 1:colcon.colcon_core.package_discovery:discover_packages(prefix_path) discover
[0.853s] DEBUG:colcon.colcon_installed_package_information.package_discovery:Found 345 installed packages in /opt/ros/humble
[0.855s] Level 1:colcon.colcon_core.package_discovery:discover_packages(prefix_path) using defaults
[0.917s] Level 5:colcon.colcon_core.verb:set package 'moon_rover_sim' build argument 'cmake_args' from command line to 'None'
[0.917s] Level 5:colcon.colcon_core.verb:set package 'moon_rover_sim' build argument 'cmake_target' from command line to 'None'
[0.917s] Level 5:colcon.colcon_core.verb:set package 'moon_rover_sim' build argument 'cmake_target_skip_unavailable' from command line to 'False'
[0.918s] Level 5:colcon.colcon_core.verb:set package 'moon_rover_sim' build argument 'cmake_clean_cache' from command line to 'False'
[0.918s] Level 5:colcon.colcon_core.verb:set package 'moon_rover_sim' build argument 'cmake_clean_first' from command line to 'False'
[0.918s] Level 5:colcon.colcon_core.verb:set package 'moon_rover_sim' build argument 'cmake_force_configure' from command line to 'False'
[0.918s] Level 5:colcon.colcon_core.verb:set package 'moon_rover_sim' build argument 'ament_cmake_args' from command line to 'None'
[0.918s] Level 5:colcon.colcon_core.verb:set package 'moon_rover_sim' build argument 'catkin_cmake_args' from command line to 'None'
[0.918s] Level 5:colcon.colcon_core.verb:set package 'moon_rover_sim' build argument 'catkin_skip_building_tests' from command line to 'False'
[0.918s] DEBUG:colcon.colcon_core.verb:Building package 'moon_rover_sim' with the following arguments: {'ament_cmake_args': None, 'build_base': '/home/ubuntu/Desktop/ros2_ws/build/moon_rover_sim', 'catkin_cmake_args': None, 'catkin_skip_building_tests': False, 'cmake_args': None, 'cmake_clean_cache': False, 'cmake_clean_first': False, 'cmake_force_configure': False, 'cmake_target': None, 'cmake_target_skip_unavailable': False, 'install_base': '/home/ubuntu/Desktop/ros2_ws/install/moon_rover_sim', 'merge_install': False, 'path': '/home/ubuntu/Desktop/ros2_ws/src/moon_rover_sim/src/moon_rover_sim', 'symlink_install': True, 'test_result_base': None}
[0.918s] Level 5:colcon.colcon_core.verb:set package 'nav_viewer' build argument 'cmake_args' from command line to 'None'
[0.918s] Level 5:colcon.colcon_core.verb:set package 'nav_viewer' build argument 'cmake_target' from command line to 'None'
[0.918s] Level 5:colcon.colcon_core.verb:set package 'nav_viewer' build argument 'cmake_target_skip_unavailable' from command line to 'False'
[0.918s] Level 5:colcon.colcon_core.verb:set package 'nav_viewer' build argument 'cmake_clean_cache' from command line to 'False'
[0.918s] Level 5:colcon.colcon_core.verb:set package 'nav_viewer' build argument 'cmake_clean_first' from command line to 'False'
[0.918s] Level 5:colcon.colcon_core.verb:set package 'nav_viewer' build argument 'cmake_force_configure' from command line to 'False'
[0.918s] Level 5:colcon.colcon_core.verb:set package 'nav_viewer' build argument 'ament_cmake_args' from command line to 'None'
[0.918s] Level 5:colcon.colcon_core.verb:set package 'nav_viewer' build argument 'catkin_cmake_args' from command line to 'None'
[0.918s] Level 5:colcon.colcon_core.verb:set package 'nav_viewer' build argument 'catkin_skip_building_tests' from command line to 'False'
[0.918s] DEBUG:colcon.colcon_core.verb:Building package 'nav_viewer' with the following arguments: {'ament_cmake_args': None, 'build_base': '/home/ubuntu/Desktop/ros2_ws/build/nav_viewer', 'catkin_cmake_args': None, 'catkin_skip_building_tests': False, 'cmake_args': None, 'cmake_clean_cache': False, 'cmake_clean_first': False, 'cmake_force_configure': False, 'cmake_target': None, 'cmake_target_skip_unavailable': False, 'install_base': '/home/ubuntu/Desktop/ros2_ws/install/nav_viewer', 'merge_install': False, 'path': '/home/ubuntu/Desktop/ros2_ws/src/nav_viewer_app', 'symlink_install': True, 'test_result_base': None}
[0.919s] INFO:colcon.colcon_core.executor:Executing jobs using 'parallel' executor
[0.923s] DEBUG:colcon.colcon_parallel_executor.executor.parallel:run_until_complete
[0.923s] INFO:colcon.colcon_ros.task.ament_cmake.build:Building ROS package in '/home/ubuntu/Desktop/ros2_ws/src/moon_rover_sim/src/moon_rover_sim' with build type 'ament_cmake'
[0.924s] INFO:colcon.colcon_cmake.task.cmake.build:Building CMake package in '/home/ubuntu/Desktop/ros2_ws/src/moon_rover_sim/src/moon_rover_sim'
[0.928s] INFO:colcon.colcon_core.plugin_system:Skipping extension 'colcon_core.shell.bat': Not used on non-Windows systems
[0.929s] INFO:colcon.colcon_core.shell:Skip shell extension 'powershell' for command environment: Not usable outside of PowerShell
[0.929s] DEBUG:colcon.colcon_core.shell:Skip shell extension 'dsv' for command environment
[0.934s] INFO:colcon.colcon_core.task.python.build:Building Python package in '/home/ubuntu/Desktop/ros2_ws/src/nav_viewer_app'
[0.935s] INFO:colcon.colcon_core.shell:Skip shell extension 'powershell' for command environment: Not usable outside of PowerShell
[0.935s] DEBUG:colcon.colcon_core.shell:Skip shell extension 'dsv' for command environment
[0.960s] DEBUG:colcon.colcon_core.event_handler.log_command:Invoking command in '/home/ubuntu/Desktop/ros2_ws/build/moon_rover_sim': CMAKE_PREFIX_PATH=/opt/ros/humble /usr/bin/cmake --build /home/ubuntu/Desktop/ros2_ws/build/moon_rover_sim -- -j16 -l16
[1.400s] DEBUG:colcon.colcon_core.event_handler.log_command:Invoked command in '/home/ubuntu/Desktop/ros2_ws/build/moon_rover_sim' returned '0': CMAKE_PREFIX_PATH=/opt/ros/humble /usr/bin/cmake --build /home/ubuntu/Desktop/ros2_ws/build/moon_rover_sim -- -j16 -l16
[1.417s] DEBUG:colcon.colcon_core.event_handler.log_command:Invoking command in '/home/ubuntu/Desktop/ros2_ws/build/moon_rover_sim': CMAKE_PREFIX_PATH=/opt/ros/humble /usr/bin/cmake --install /home/ubuntu/Desktop/ros2_ws/build/moon_rover_sim
[1.458s] Level 1:colcon.colcon_core.environment:create_environment_scripts_only(moon_rover_sim)
[1.463s] Level 1:colcon.colcon_core.environment:checking '/home/ubuntu/Desktop/ros2_ws/install/moon_rover_sim' for CMake module files
[1.465s] Level 1:colcon.colcon_core.environment:checking '/home/ubuntu/Desktop/ros2_ws/install/moon_rover_sim' for CMake config files
[1.465s] Level 1:colcon.colcon_core.shell:create_environment_hook('moon_rover_sim', 'cmake_prefix_path')
[1.466s] INFO:colcon.colcon_core.shell:Creating environment hook '/home/ubuntu/Desktop/ros2_ws/install/moon_rover_sim/share/moon_rover_sim/hook/cmake_prefix_path.ps1'
[1.467s] DEBUG:colcon.colcon_core.event_handler.log_command:Invoked command in '/home/ubuntu/Desktop/ros2_ws/build/moon_rover_sim' returned '0': CMAKE_PREFIX_PATH=/opt/ros/humble /usr/bin/cmake --install /home/ubuntu/Desktop/ros2_ws/build/moon_rover_sim
[1.468s] INFO:colcon.colcon_core.shell:Creating environment descriptor '/home/ubuntu/Desktop/ros2_ws/install/moon_rover_sim/share/moon_rover_sim/hook/cmake_prefix_path.dsv'
[1.469s] INFO:colcon.colcon_core.shell:Creating environment hook '/home/ubuntu/Desktop/ros2_ws/install/moon_rover_sim/share/moon_rover_sim/hook/cmake_prefix_path.sh'
[1.470s] Level 1:colcon.colcon_core.environment:checking '/home/ubuntu/Desktop/ros2_ws/install/moon_rover_sim/bin'
[1.470s] Level 1:colcon.colcon_core.environment:checking '/home/ubuntu/Desktop/ros2_ws/install/moon_rover_sim/lib/pkgconfig/moon_rover_sim.pc'
[1.471s] Level 1:colcon.colcon_core.environment:checking '/home/ubuntu/Desktop/ros2_ws/install/moon_rover_sim/lib/python3.10/site-packages'
[1.472s] Level 1:colcon.colcon_core.environment:checking '/home/ubuntu/Desktop/ros2_ws/install/moon_rover_sim/bin'
[1.472s] INFO:colcon.colcon_core.shell:Creating package script '/home/ubuntu/Desktop/ros2_ws/install/moon_rover_sim/share/moon_rover_sim/package.ps1'
[1.474s] INFO:colcon.colcon_core.shell:Creating package descriptor '/home/ubuntu/Desktop/ros2_ws/install/moon_rover_sim/share/moon_rover_sim/package.dsv'
[1.476s] INFO:colcon.colcon_core.shell:Creating package script '/home/ubuntu/Desktop/ros2_ws/install/moon_rover_sim/share/moon_rover_sim/package.sh'
[1.477s] INFO:colcon.colcon_core.shell:Creating package script '/home/ubuntu/Desktop/ros2_ws/install/moon_rover_sim/share/moon_rover_sim/package.bash'
[1.479s] INFO:colcon.colcon_core.shell:Creating package script '/home/ubuntu/Desktop/ros2_ws/install/moon_rover_sim/share/moon_rover_sim/package.zsh'
[1.481s] Level 1:colcon.colcon_core.environment:create_file_with_runtime_dependencies(/home/ubuntu/Desktop/ros2_ws/install/moon_rover_sim/share/colcon-core/packages/moon_rover_sim)
[1.482s] Level 1:colcon.colcon_core.environment:create_environment_scripts_only(moon_rover_sim)
[1.482s] Level 1:colcon.colcon_core.environment:checking '/home/ubuntu/Desktop/ros2_ws/install/moon_rover_sim' for CMake module files
[1.483s] Level 1:colcon.colcon_core.environment:checking '/home/ubuntu/Desktop/ros2_ws/install/moon_rover_sim' for CMake config files
[1.484s] Level 1:colcon.colcon_core.shell:create_environment_hook('moon_rover_sim', 'cmake_prefix_path')
[1.484s] INFO:colcon.colcon_core.shell:Creating environment hook '/home/ubuntu/Desktop/ros2_ws/install/moon_rover_sim/share/moon_rover_sim/hook/cmake_prefix_path.ps1'
[1.485s] INFO:colcon.colcon_core.shell:Creating environment descriptor '/home/ubuntu/Desktop/ros2_ws/install/moon_rover_sim/share/moon_rover_sim/hook/cmake_prefix_path.dsv'
[1.485s] INFO:colcon.colcon_core.shell:Creating environment hook '/home/ubuntu/Desktop/ros2_ws/install/moon_rover_sim/share/moon_rover_sim/hook/cmake_prefix_path.sh'
[1.486s] Level 1:colcon.colcon_core.environment:checking '/home/ubuntu/Desktop/ros2_ws/install/moon_rover_sim/bin'
[1.486s] Level 1:colcon.colcon_core.environment:checking '/home/ubuntu/Desktop/ros2_ws/install/moon_rover_sim/lib/pkgconfig/moon_rover_sim.pc'
[1.487s] Level 1:colcon.colcon_core.environment:checking '/home/ubuntu/Desktop/ros2_ws/install/moon_rover_sim/lib/python3.10/site-packages'
[1.487s] Level 1:colcon.colcon_core.environment:checking '/home/ubuntu/Desktop/ros2_ws/install/moon_rover_sim/bin'
[1.488s] INFO:colcon.colcon_core.shell:Creating package script '/home/ubuntu/Desktop/ros2_ws/install/moon_rover_sim/share/moon_rover_sim/package.ps1'
[1.489s] INFO:colcon.colcon_core.shell:Creating package descriptor '/home/ubuntu/Desktop/ros2_ws/install/moon_rover_sim/share/moon_rover_sim/package.dsv'
[1.489s] INFO:colcon.colcon_core.shell:Creating package script '/home/ubuntu/Desktop/ros2_ws/install/moon_rover_sim/share/moon_rover_sim/package.sh'
[1.490s] INFO:colcon.colcon_core.shell:Creating package script '/home/ubuntu/Desktop/ros2_ws/install/moon_rover_sim/share/moon_rover_sim/package.bash'
[1.490s] INFO:colcon.colcon_core.shell:Creating package script '/home/ubuntu/Desktop/ros2_ws/install/moon_rover_sim/share/moon_rover_sim/package.zsh'
[1.491s] Level 1:colcon.colcon_core.environment:create_file_with_runtime_dependencies(/home/ubuntu/Desktop/ros2_ws/install/moon_rover_sim/share/colcon-core/packages/moon_rover_sim)
[2.018s] DEBUG:colcon.colcon_core.event_handler.log_command:Invoking command in '/home/ubuntu/Desktop/ros2_ws/build/nav_viewer': PYTHONPATH=/home/ubuntu/Desktop/ros2_ws/build/nav_viewer/prefix_override:/usr/lib/python3/dist-packages/colcon_core/task/python/colcon_distutils_commands:/home/ubuntu/Desktop/ros2_ws/install/nav_viewer/lib/python3.10/site-packages:${PYTHONPATH} /usr/bin/python3 -W ignore:setup.py install is deprecated -W ignore:easy_install command is deprecated setup.py develop --editable --build-directory /home/ubuntu/Desktop/ros2_ws/build/nav_viewer/build --no-deps
[3.054s] Level 1:colcon.colcon_core.shell:create_environment_hook('nav_viewer', 'pythonpath_develop')
[3.055s] INFO:colcon.colcon_core.shell:Creating environment hook '/home/ubuntu/Desktop/ros2_ws/build/nav_viewer/share/nav_viewer/hook/pythonpath_develop.ps1'
[3.055s] DEBUG:colcon.colcon_core.event_handler.log_command:Invoked command in '/home/ubuntu/Desktop/ros2_ws/build/nav_viewer' returned '0': PYTHONPATH=/home/ubuntu/Desktop/ros2_ws/build/nav_viewer/prefix_override:/usr/lib/python3/dist-packages/colcon_core/task/python/colcon_distutils_commands:/home/ubuntu/Desktop/ros2_ws/install/nav_viewer/lib/python3.10/site-packages:${PYTHONPATH} /usr/bin/python3 -W ignore:setup.py install is deprecated -W ignore:easy_install command is deprecated setup.py develop --editable --build-directory /home/ubuntu/Desktop/ros2_ws/build/nav_viewer/build --no-deps
[3.058s] INFO:colcon.colcon_core.shell:Creating environment descriptor '/home/ubuntu/Desktop/ros2_ws/build/nav_viewer/share/nav_viewer/hook/pythonpath_develop.dsv'
[3.059s] INFO:colcon.colcon_core.shell:Creating environment hook '/home/ubuntu/Desktop/ros2_ws/build/nav_viewer/share/nav_viewer/hook/pythonpath_develop.sh'
[3.061s] Level 1:colcon.colcon_core.environment:checking '/home/ubuntu/Desktop/ros2_ws/install/nav_viewer' for CMake module files
[3.062s] Level 1:colcon.colcon_core.environment:checking '/home/ubuntu/Desktop/ros2_ws/install/nav_viewer' for CMake config files
[3.063s] Level 1:colcon.colcon_core.environment:checking '/home/ubuntu/Desktop/ros2_ws/install/nav_viewer/lib'
[3.064s] Level 1:colcon.colcon_core.environment:checking '/home/ubuntu/Desktop/ros2_ws/install/nav_viewer/bin'
[3.064s] Level 1:colcon.colcon_core.shell:create_environment_hook('nav_viewer', 'path')
[3.065s] INFO:colcon.colcon_core.shell:Creating environment hook '/home/ubuntu/Desktop/ros2_ws/install/nav_viewer/share/nav_viewer/hook/path.ps1'
[3.068s] INFO:colcon.colcon_core.shell:Creating environment descriptor '/home/ubuntu/Desktop/ros2_ws/install/nav_viewer/share/nav_viewer/hook/path.dsv'
[3.070s] INFO:colcon.colcon_core.shell:Creating environment hook '/home/ubuntu/Desktop/ros2_ws/install/nav_viewer/share/nav_viewer/hook/path.sh'
[3.071s] Level 1:colcon.colcon_core.environment:checking '/home/ubuntu/Desktop/ros2_ws/install/nav_viewer/lib/pkgconfig/nav_viewer.pc'
[3.072s] Level 1:colcon.colcon_core.environment:checking '/home/ubuntu/Desktop/ros2_ws/install/nav_viewer/lib/python3.10/site-packages'
[3.072s] Level 1:colcon.colcon_core.shell:create_environment_hook('nav_viewer', 'pythonpath')
[3.073s] INFO:colcon.colcon_core.shell:Creating environment hook '/home/ubuntu/Desktop/ros2_ws/install/nav_viewer/share/nav_viewer/hook/pythonpath.ps1'
[3.074s] INFO:colcon.colcon_core.shell:Creating environment descriptor '/home/ubuntu/Desktop/ros2_ws/install/nav_viewer/share/nav_viewer/hook/pythonpath.dsv'
[3.075s] INFO:colcon.colcon_core.shell:Creating environment hook '/home/ubuntu/Desktop/ros2_ws/install/nav_viewer/share/nav_viewer/hook/pythonpath.sh'
[3.077s] Level 1:colcon.colcon_core.environment:checking '/home/ubuntu/Desktop/ros2_ws/install/nav_viewer/bin'
[3.078s] Level 1:colcon.colcon_core.shell:create_environment_hook('nav_viewer', 'pythonscriptspath')
[3.078s] INFO:colcon.colcon_core.shell:Creating environment hook '/home/ubuntu/Desktop/ros2_ws/install/nav_viewer/share/nav_viewer/hook/pythonscriptspath.ps1'
[3.079s] INFO:colcon.colcon_core.shell:Creating environment descriptor '/home/ubuntu/Desktop/ros2_ws/install/nav_viewer/share/nav_viewer/hook/pythonscriptspath.dsv'
[3.080s] INFO:colcon.colcon_core.shell:Creating environment hook '/home/ubuntu/Desktop/ros2_ws/install/nav_viewer/share/nav_viewer/hook/pythonscriptspath.sh'
[3.081s] Level 1:colcon.colcon_core.environment:create_environment_scripts_only(nav_viewer)
[3.082s] INFO:colcon.colcon_core.shell:Creating package script '/home/ubuntu/Desktop/ros2_ws/install/nav_viewer/share/nav_viewer/package.ps1'
[3.084s] INFO:colcon.colcon_core.shell:Creating package descriptor '/home/ubuntu/Desktop/ros2_ws/install/nav_viewer/share/nav_viewer/package.dsv'
[3.085s] INFO:colcon.colcon_core.shell:Creating package script '/home/ubuntu/Desktop/ros2_ws/install/nav_viewer/share/nav_viewer/package.sh'
[3.087s] INFO:colcon.colcon_core.shell:Creating package script '/home/ubuntu/Desktop/ros2_ws/install/nav_viewer/share/nav_viewer/package.bash'
[3.088s] INFO:colcon.colcon_core.shell:Creating package script '/home/ubuntu/Desktop/ros2_ws/install/nav_viewer/share/nav_viewer/package.zsh'
[3.090s] Level 1:colcon.colcon_core.environment:create_file_with_runtime_dependencies(/home/ubuntu/Desktop/ros2_ws/install/nav_viewer/share/colcon-core/packages/nav_viewer)
[3.093s] DEBUG:colcon.colcon_parallel_executor.executor.parallel:closing loop
[3.094s] DEBUG:colcon.colcon_parallel_executor.executor.parallel:loop closed
[3.094s] DEBUG:colcon.colcon_parallel_executor.executor.parallel:run_until_complete finished with '0'
[3.094s] DEBUG:colcon.colcon_core.event_reactor:joining thread
[3.125s] INFO:colcon.colcon_core.plugin_system:Skipping extension 'colcon_notification.desktop_notification.terminal_notifier': Not used on non-Darwin systems
[3.125s] INFO:colcon.colcon_core.plugin_system:Skipping extension 'colcon_notification.desktop_notification.win32': Not used on non-Windows systems
[3.126s] INFO:colcon.colcon_notification.desktop_notification:Sending desktop notification using 'notify2'
[3.167s] DEBUG:colcon.colcon_core.event_reactor:joined thread
[3.167s] INFO:colcon.colcon_core.shell:Creating prefix script '/home/ubuntu/Desktop/ros2_ws/install/local_setup.ps1'
[3.170s] INFO:colcon.colcon_core.shell:Creating prefix util module '/home/ubuntu/Desktop/ros2_ws/install/_local_setup_util_ps1.py'
[3.174s] INFO:colcon.colcon_core.shell:Creating prefix chain script '/home/ubuntu/Desktop/ros2_ws/install/setup.ps1'
[3.178s] INFO:colcon.colcon_core.shell:Creating prefix script '/home/ubuntu/Desktop/ros2_ws/install/local_setup.sh'
[3.182s] INFO:colcon.colcon_core.shell:Creating prefix util module '/home/ubuntu/Desktop/ros2_ws/install/_local_setup_util_sh.py'
[3.184s] INFO:colcon.colcon_core.shell:Creating prefix chain script '/home/ubuntu/Desktop/ros2_ws/install/setup.sh'
[3.188s] INFO:colcon.colcon_core.shell:Creating prefix script '/home/ubuntu/Desktop/ros2_ws/install/local_setup.bash'
[3.190s] INFO:colcon.colcon_core.shell:Creating prefix chain script '/home/ubuntu/Desktop/ros2_ws/install/setup.bash'
[3.192s] INFO:colcon.colcon_core.shell:Creating prefix script '/home/ubuntu/Desktop/ros2_ws/install/local_setup.zsh'
[3.194s] INFO:colcon.colcon_core.shell:Creating prefix chain script '/home/ubuntu/Desktop/ros2_ws/install/setup.zsh'
