[0.000000] (-) TimerEvent: {}
[0.000711] (moon_rover_sim) JobQueued: {'identifier': 'moon_rover_sim', 'dependencies': OrderedDict()}
[0.001069] (nav_viewer) JobQueued: {'identifier': 'nav_viewer', 'dependencies': OrderedDict()}
[0.001390] (moon_rover_sim) JobStarted: {'identifier': 'moon_rover_sim'}
[0.001748] (nav_viewer) JobStarted: {'identifier': 'nav_viewer'}
[0.009668] (moon_rover_sim) JobProgress: {'identifier': 'moon_rover_sim', 'progress': 'cmake'}
[0.010686] (moon_rover_sim) JobProgress: {'identifier': 'moon_rover_sim', 'progress': 'build'}
[0.012360] (moon_rover_sim) Command: {'cmd': ['/usr/bin/cmake', '--build', '/home/ubuntu/Desktop/ros2_ws/build/moon_rover_sim', '--', '-j16', '-l16'], 'cwd': '/home/ubuntu/Desktop/ros2_ws/build/moon_rover_sim', 'env': OrderedDict([('VNCDESKTOP', 'ebeead3a0b41:1 (ubuntu)'), ('QT_SCALE_FACTOR', '1'), ('USER', 'ubuntu'), ('SUPERVISOR_GROUP_NAME', 'vnc'), ('HOSTNAME', 'ebeead3a0b41'), ('XDG_SESSION_TYPE', 'x11'), ('SHLVL', '2'), ('LD_LIBRARY_PATH', '/usr/lib/x86_64-linux-gnu/gazebo-11/plugins:/opt/ros/humble/opt/rviz_ogre_vendor/lib:/opt/ros/humble/lib/x86_64-linux-gnu:/opt/ros/humble/lib'), ('HOME', '/home/ubuntu'), ('GIO_LAUNCHED_DESKTOP_FILE', '/usr/share/applications/terminator.desktop'), ('ROS_PYTHON_VERSION', '3'), ('LC_CTYPE', 'C.UTF-8'), ('DBUS_STARTER_BUS_TYPE', 'session'), ('DBUS_SESSION_BUS_ADDRESS', 'unix:abstract=/tmp/dbus-HEGd0TDkbn,guid=0f31b348808297c31992d9bd6958d839'), ('COLORTERM', 'truecolor'), ('TERMINATOR_DBUS_NAME', 'net.tenshu.Terminator23558193cd9818af7fe4d2c2f5bd9d00f'), ('GIO_LAUNCHED_DESKTOP_FILE_PID', '1312'), ('GNOME_KEYRING_CONTROL', '/home/ubuntu/.cache/keyring-697PI3'), ('COLCON_PREFIX_PATH', '/home/ubuntu/Desktop/ros2_ws/install'), ('ROS_DISTRO', 'humble'), ('_', '/usr/bin/colcon'), ('ROS_VERSION', '2'), ('XDG_SESSION_CLASS', 'user'), ('TERM', 'xterm-256color'), ('GTK_OVERLAY_SCROLLING', '0'), ('ROS_LOCALHOST_ONLY', '0'), ('PATH', '/home/ubuntu/Desktop/ros2_ws/install/nav_viewer/bin:/opt/ros/humble/bin:/usr/local/sbin:/usr/local/bin:/usr/sbin:/usr/bin:/sbin:/bin'), ('SESSION_MANAGER', 'local/ebeead3a0b41:@/tmp/.ICE-unix/79,unix/ebeead3a0b41:/tmp/.ICE-unix/79'), ('DISPLAY', ':1'), ('TERMINATOR_DBUS_PATH', '/net/tenshu/Terminator2'), ('XDG_CURRENT_DESKTOP', 'MATE'), ('SUPERVISOR_ENABLED', '1'), ('SSH_AUTH_SOCK', '/home/ubuntu/.cache/keyring-697PI3/ssh'), ('AMENT_PREFIX_PATH', '/home/ubuntu/Desktop/ros2_ws/install/moon_rover_sim:/opt/ros/humble'), ('DEBIAN_FRONTEND', 'noninteractive'), ('TERMINATOR_UUID', 'urn:uuid:19c6fb99-d080-4e13-8830-5e0e9b31ccbc'), ('PASSWD', 'ubuntu'), ('SUPERVISOR_SERVER_URL', 'unix:///var/run/supervisor.sock'), ('SUPERVISOR_PROCESS_NAME', 'vnc'), ('PWD', '/home/ubuntu/Desktop/ros2_ws/build/moon_rover_sim'), ('DBUS_STARTER_ADDRESS', 'unix:abstract=/tmp/dbus-HEGd0TDkbn,guid=0f31b348808297c31992d9bd6958d839'), ('PYTHONPATH', '/home/ubuntu/Desktop/ros2_ws/build/nav_viewer:/home/ubuntu/Desktop/ros2_ws/install/nav_viewer/lib/python3.10/site-packages:/opt/ros/humble/lib/python3.10/site-packages:/opt/ros/humble/local/lib/python3.10/dist-packages'), ('MATE_DESKTOP_SESSION_ID', 'this-is-deprecated'), ('COLCON', '1'), ('VTE_VERSION', '6800'), ('CMAKE_PREFIX_PATH', '/home/ubuntu/Desktop/ros2_ws/install/moon_rover_sim:/opt/ros/humble'), ('QT_FONT_DPI', '96')]), 'shell': False}
[0.091531] (-) TimerEvent: {}
[0.192102] (-) TimerEvent: {}
[0.292174] (moon_rover_sim) CommandEnded: {'returncode': 0}
[0.292547] (-) TimerEvent: {}
[0.292683] (moon_rover_sim) JobProgress: {'identifier': 'moon_rover_sim', 'progress': 'install'}
[0.301972] (moon_rover_sim) Command: {'cmd': ['/usr/bin/cmake', '--install', '/home/ubuntu/Desktop/ros2_ws/build/moon_rover_sim'], 'cwd': '/home/ubuntu/Desktop/ros2_ws/build/moon_rover_sim', 'env': OrderedDict([('VNCDESKTOP', 'ebeead3a0b41:1 (ubuntu)'), ('QT_SCALE_FACTOR', '1'), ('USER', 'ubuntu'), ('SUPERVISOR_GROUP_NAME', 'vnc'), ('HOSTNAME', 'ebeead3a0b41'), ('XDG_SESSION_TYPE', 'x11'), ('SHLVL', '2'), ('LD_LIBRARY_PATH', '/usr/lib/x86_64-linux-gnu/gazebo-11/plugins:/opt/ros/humble/opt/rviz_ogre_vendor/lib:/opt/ros/humble/lib/x86_64-linux-gnu:/opt/ros/humble/lib'), ('HOME', '/home/ubuntu'), ('GIO_LAUNCHED_DESKTOP_FILE', '/usr/share/applications/terminator.desktop'), ('ROS_PYTHON_VERSION', '3'), ('LC_CTYPE', 'C.UTF-8'), ('DBUS_STARTER_BUS_TYPE', 'session'), ('DBUS_SESSION_BUS_ADDRESS', 'unix:abstract=/tmp/dbus-HEGd0TDkbn,guid=0f31b348808297c31992d9bd6958d839'), ('COLORTERM', 'truecolor'), ('TERMINATOR_DBUS_NAME', 'net.tenshu.Terminator23558193cd9818af7fe4d2c2f5bd9d00f'), ('GIO_LAUNCHED_DESKTOP_FILE_PID', '1312'), ('GNOME_KEYRING_CONTROL', '/home/ubuntu/.cache/keyring-697PI3'), ('COLCON_PREFIX_PATH', '/home/ubuntu/Desktop/ros2_ws/install'), ('ROS_DISTRO', 'humble'), ('_', '/usr/bin/colcon'), ('ROS_VERSION', '2'), ('XDG_SESSION_CLASS', 'user'), ('TERM', 'xterm-256color'), ('GTK_OVERLAY_SCROLLING', '0'), ('ROS_LOCALHOST_ONLY', '0'), ('PATH', '/home/ubuntu/Desktop/ros2_ws/install/nav_viewer/bin:/opt/ros/humble/bin:/usr/local/sbin:/usr/local/bin:/usr/sbin:/usr/bin:/sbin:/bin'), ('SESSION_MANAGER', 'local/ebeead3a0b41:@/tmp/.ICE-unix/79,unix/ebeead3a0b41:/tmp/.ICE-unix/79'), ('DISPLAY', ':1'), ('TERMINATOR_DBUS_PATH', '/net/tenshu/Terminator2'), ('XDG_CURRENT_DESKTOP', 'MATE'), ('SUPERVISOR_ENABLED', '1'), ('SSH_AUTH_SOCK', '/home/ubuntu/.cache/keyring-697PI3/ssh'), ('AMENT_PREFIX_PATH', '/home/ubuntu/Desktop/ros2_ws/install/moon_rover_sim:/opt/ros/humble'), ('DEBIAN_FRONTEND', 'noninteractive'), ('TERMINATOR_UUID', 'urn:uuid:19c6fb99-d080-4e13-8830-5e0e9b31ccbc'), ('PASSWD', 'ubuntu'), ('SUPERVISOR_SERVER_URL', 'unix:///var/run/supervisor.sock'), ('SUPERVISOR_PROCESS_NAME', 'vnc'), ('PWD', '/home/ubuntu/Desktop/ros2_ws/build/moon_rover_sim'), ('DBUS_STARTER_ADDRESS', 'unix:abstract=/tmp/dbus-HEGd0TDkbn,guid=0f31b348808297c31992d9bd6958d839'), ('PYTHONPATH', '/home/ubuntu/Desktop/ros2_ws/build/nav_viewer:/home/ubuntu/Desktop/ros2_ws/install/nav_viewer/lib/python3.10/site-packages:/opt/ros/humble/lib/python3.10/site-packages:/opt/ros/humble/local/lib/python3.10/dist-packages'), ('MATE_DESKTOP_SESSION_ID', 'this-is-deprecated'), ('COLCON', '1'), ('VTE_VERSION', '6800'), ('CMAKE_PREFIX_PATH', '/home/ubuntu/Desktop/ros2_ws/install/moon_rover_sim:/opt/ros/humble'), ('QT_FONT_DPI', '96')]), 'shell': False}
[0.309810] (moon_rover_sim) StdoutLine: {'line': b'-- Install configuration: ""\n'}
[0.310342] (moon_rover_sim) StdoutLine: {'line': b'-- Execute custom install script\n'}
[0.310976] (moon_rover_sim) StdoutLine: {'line': b'-- Up-to-date symlink: /home/ubuntu/Desktop/ros2_ws/install/moon_rover_sim/share/moon_rover_sim/urdf/lidar.urdf.xacro\n'}
[0.311180] (moon_rover_sim) StdoutLine: {'line': b'-- Up-to-date symlink: /home/ubuntu/Desktop/ros2_ws/install/moon_rover_sim/share/moon_rover_sim/urdf/rover.urdf.xacro\n'}
[0.311617] (moon_rover_sim) StdoutLine: {'line': b'-- Up-to-date symlink: /home/ubuntu/Desktop/ros2_ws/install/moon_rover_sim/share/moon_rover_sim/worlds/moon.world\n'}
[0.311867] (moon_rover_sim) StdoutLine: {'line': b'-- Up-to-date symlink: /home/ubuntu/Desktop/ros2_ws/install/moon_rover_sim/share/moon_rover_sim/launch/navigation.launch.py\n'}
[0.312164] (moon_rover_sim) StdoutLine: {'line': b'-- Up-to-date symlink: /home/ubuntu/Desktop/ros2_ws/install/moon_rover_sim/share/moon_rover_sim/launch/rviz.launch.py\n'}
[0.312384] (moon_rover_sim) StdoutLine: {'line': b'-- Up-to-date symlink: /home/ubuntu/Desktop/ros2_ws/install/moon_rover_sim/share/moon_rover_sim/launch/simulation.launch.py\n'}
[0.312676] (moon_rover_sim) StdoutLine: {'line': b'-- Up-to-date symlink: /home/ubuntu/Desktop/ros2_ws/install/moon_rover_sim/share/moon_rover_sim/rviz/nav2.rviz\n'}
[0.312858] (moon_rover_sim) StdoutLine: {'line': b'-- Up-to-date symlink: /home/ubuntu/Desktop/ros2_ws/install/moon_rover_sim/share/moon_rover_sim/rviz/rover.rviz\n'}
[0.313097] (moon_rover_sim) StdoutLine: {'line': b'-- Up-to-date symlink: /home/ubuntu/Desktop/ros2_ws/install/moon_rover_sim/share/moon_rover_sim/config/nav2_params.yaml\n'}
[0.313336] (moon_rover_sim) StdoutLine: {'line': b'-- Up-to-date symlink: /home/ubuntu/Desktop/ros2_ws/install/moon_rover_sim/share/moon_rover_sim/config/rover_params.yaml\n'}
[0.313593] (moon_rover_sim) StdoutLine: {'line': b'-- Up-to-date symlink: /home/ubuntu/Desktop/ros2_ws/install/moon_rover_sim/share/moon_rover_sim/config/slam_params.yaml\n'}
[0.313845] (moon_rover_sim) StdoutLine: {'line': b'-- Up-to-date symlink: /home/ubuntu/Desktop/ros2_ws/install/moon_rover_sim/share/ament_index/resource_index/package_run_dependencies/moon_rover_sim\n'}
[0.314105] (moon_rover_sim) StdoutLine: {'line': b'-- Up-to-date symlink: /home/ubuntu/Desktop/ros2_ws/install/moon_rover_sim/share/ament_index/resource_index/parent_prefix_path/moon_rover_sim\n'}
[0.314199] (moon_rover_sim) StdoutLine: {'line': b'-- Up-to-date symlink: /home/ubuntu/Desktop/ros2_ws/install/moon_rover_sim/share/moon_rover_sim/environment/ament_prefix_path.sh\n'}
[0.314270] (moon_rover_sim) StdoutLine: {'line': b'-- Up-to-date symlink: /home/ubuntu/Desktop/ros2_ws/install/moon_rover_sim/share/moon_rover_sim/environment/ament_prefix_path.dsv\n'}
[0.314339] (moon_rover_sim) StdoutLine: {'line': b'-- Up-to-date symlink: /home/ubuntu/Desktop/ros2_ws/install/moon_rover_sim/share/moon_rover_sim/environment/path.sh\n'}
[0.314463] (moon_rover_sim) StdoutLine: {'line': b'-- Up-to-date symlink: /home/ubuntu/Desktop/ros2_ws/install/moon_rover_sim/share/moon_rover_sim/environment/path.dsv\n'}
[0.314990] (moon_rover_sim) StdoutLine: {'line': b'-- Up-to-date symlink: /home/ubuntu/Desktop/ros2_ws/install/moon_rover_sim/share/moon_rover_sim/local_setup.bash\n'}
[0.315103] (moon_rover_sim) StdoutLine: {'line': b'-- Up-to-date symlink: /home/ubuntu/Desktop/ros2_ws/install/moon_rover_sim/share/moon_rover_sim/local_setup.sh\n'}
[0.315146] (moon_rover_sim) StdoutLine: {'line': b'-- Up-to-date symlink: /home/ubuntu/Desktop/ros2_ws/install/moon_rover_sim/share/moon_rover_sim/local_setup.zsh\n'}
[0.315211] (moon_rover_sim) StdoutLine: {'line': b'-- Up-to-date symlink: /home/ubuntu/Desktop/ros2_ws/install/moon_rover_sim/share/moon_rover_sim/local_setup.dsv\n'}
[0.315280] (moon_rover_sim) StdoutLine: {'line': b'-- Symlinking: /home/ubuntu/Desktop/ros2_ws/install/moon_rover_sim/share/moon_rover_sim/package.dsv\n'}
[0.327763] (moon_rover_sim) StdoutLine: {'line': b'-- Up-to-date symlink: /home/ubuntu/Desktop/ros2_ws/install/moon_rover_sim/share/ament_index/resource_index/packages/moon_rover_sim\n'}
[0.328012] (moon_rover_sim) StdoutLine: {'line': b'-- Up-to-date symlink: /home/ubuntu/Desktop/ros2_ws/install/moon_rover_sim/share/moon_rover_sim/cmake/moon_rover_simConfig.cmake\n'}
[0.328183] (moon_rover_sim) StdoutLine: {'line': b'-- Up-to-date symlink: /home/ubuntu/Desktop/ros2_ws/install/moon_rover_sim/share/moon_rover_sim/cmake/moon_rover_simConfig-version.cmake\n'}
[0.328287] (moon_rover_sim) StdoutLine: {'line': b'-- Up-to-date symlink: /home/ubuntu/Desktop/ros2_ws/install/moon_rover_sim/share/moon_rover_sim/package.xml\n'}
[0.343674] (moon_rover_sim) CommandEnded: {'returncode': 0}
[0.350140] (moon_rover_sim) JobEnded: {'identifier': 'moon_rover_sim', 'rc': 0}
[0.392706] (-) TimerEvent: {}
[0.493034] (-) TimerEvent: {}
[0.593373] (-) TimerEvent: {}
[0.676004] (nav_viewer) Command: {'cmd': ['/usr/bin/python3', '-W', 'ignore:setup.py install is deprecated', '-W', 'ignore:easy_install command is deprecated', 'setup.py', 'develop', '--editable', '--build-directory', '/home/ubuntu/Desktop/ros2_ws/build/nav_viewer/build', '--no-deps'], 'cwd': '/home/ubuntu/Desktop/ros2_ws/build/nav_viewer', 'env': {'VNCDESKTOP': 'ebeead3a0b41:1 (ubuntu)', 'QT_SCALE_FACTOR': '1', 'USER': 'ubuntu', 'SUPERVISOR_GROUP_NAME': 'vnc', 'HOSTNAME': 'ebeead3a0b41', 'XDG_SESSION_TYPE': 'x11', 'SHLVL': '2', 'LD_LIBRARY_PATH': '/usr/lib/x86_64-linux-gnu/gazebo-11/plugins:/opt/ros/humble/opt/rviz_ogre_vendor/lib:/opt/ros/humble/lib/x86_64-linux-gnu:/opt/ros/humble/lib', 'HOME': '/home/ubuntu', 'GIO_LAUNCHED_DESKTOP_FILE': '/usr/share/applications/terminator.desktop', 'ROS_PYTHON_VERSION': '3', 'LC_CTYPE': 'C.UTF-8', 'DBUS_STARTER_BUS_TYPE': 'session', 'DBUS_SESSION_BUS_ADDRESS': 'unix:abstract=/tmp/dbus-HEGd0TDkbn,guid=0f31b348808297c31992d9bd6958d839', 'COLORTERM': 'truecolor', 'TERMINATOR_DBUS_NAME': 'net.tenshu.Terminator23558193cd9818af7fe4d2c2f5bd9d00f', 'GIO_LAUNCHED_DESKTOP_FILE_PID': '1312', 'GNOME_KEYRING_CONTROL': '/home/ubuntu/.cache/keyring-697PI3', 'COLCON_PREFIX_PATH': '/home/ubuntu/Desktop/ros2_ws/install', 'ROS_DISTRO': 'humble', '_': '/usr/bin/colcon', 'ROS_VERSION': '2', 'XDG_SESSION_CLASS': 'user', 'TERM': 'xterm-256color', 'GTK_OVERLAY_SCROLLING': '0', 'ROS_LOCALHOST_ONLY': '0', 'PATH': '/home/ubuntu/Desktop/ros2_ws/install/nav_viewer/bin:/opt/ros/humble/bin:/usr/local/sbin:/usr/local/bin:/usr/sbin:/usr/bin:/sbin:/bin', 'SESSION_MANAGER': 'local/ebeead3a0b41:@/tmp/.ICE-unix/79,unix/ebeead3a0b41:/tmp/.ICE-unix/79', 'DISPLAY': ':1', 'TERMINATOR_DBUS_PATH': '/net/tenshu/Terminator2', 'XDG_CURRENT_DESKTOP': 'MATE', 'SUPERVISOR_ENABLED': '1', 'SSH_AUTH_SOCK': '/home/ubuntu/.cache/keyring-697PI3/ssh', 'AMENT_PREFIX_PATH': '/home/ubuntu/Desktop/ros2_ws/install/moon_rover_sim:/opt/ros/humble', 'DEBIAN_FRONTEND': 'noninteractive', 'TERMINATOR_UUID': 'urn:uuid:19c6fb99-d080-4e13-8830-5e0e9b31ccbc', 'PASSWD': 'ubuntu', 'SUPERVISOR_SERVER_URL': 'unix:///var/run/supervisor.sock', 'SUPERVISOR_PROCESS_NAME': 'vnc', 'PWD': '/home/ubuntu/Desktop/ros2_ws/build/nav_viewer', 'DBUS_STARTER_ADDRESS': 'unix:abstract=/tmp/dbus-HEGd0TDkbn,guid=0f31b348808297c31992d9bd6958d839', 'PYTHONPATH': '/home/ubuntu/Desktop/ros2_ws/build/nav_viewer/prefix_override:/usr/lib/python3/dist-packages/colcon_core/task/python/colcon_distutils_commands:/home/ubuntu/Desktop/ros2_ws/install/nav_viewer/lib/python3.10/site-packages:/home/ubuntu/Desktop/ros2_ws/build/nav_viewer:/home/ubuntu/Desktop/ros2_ws/install/nav_viewer/lib/python3.10/site-packages:/opt/ros/humble/lib/python3.10/site-packages:/opt/ros/humble/local/lib/python3.10/dist-packages', 'MATE_DESKTOP_SESSION_ID': 'this-is-deprecated', 'COLCON': '1', 'VTE_VERSION': '6800', 'CMAKE_PREFIX_PATH': '/home/ubuntu/Desktop/ros2_ws/install/moon_rover_sim', 'QT_FONT_DPI': '96'}, 'shell': False}
[0.693529] (-) TimerEvent: {}
[0.794638] (-) TimerEvent: {}
[0.895025] (-) TimerEvent: {}
[0.941559] (nav_viewer) StdoutLine: {'line': b'running develop\n'}
[0.995163] (-) TimerEvent: {}
[1.095497] (-) TimerEvent: {}
[1.100912] (nav_viewer) StdoutLine: {'line': b'running egg_info\n'}
[1.101480] (nav_viewer) StdoutLine: {'line': b'writing nav_viewer.egg-info/PKG-INFO\n'}
[1.102078] (nav_viewer) StdoutLine: {'line': b'writing dependency_links to nav_viewer.egg-info/dependency_links.txt\n'}
[1.102197] (nav_viewer) StdoutLine: {'line': b'writing entry points to nav_viewer.egg-info/entry_points.txt\n'}
[1.102290] (nav_viewer) StdoutLine: {'line': b'writing requirements to nav_viewer.egg-info/requires.txt\n'}
[1.102419] (nav_viewer) StdoutLine: {'line': b'writing top-level names to nav_viewer.egg-info/top_level.txt\n'}
[1.104577] (nav_viewer) StdoutLine: {'line': b"reading manifest file 'nav_viewer.egg-info/SOURCES.txt'\n"}
[1.105593] (nav_viewer) StdoutLine: {'line': b"writing manifest file 'nav_viewer.egg-info/SOURCES.txt'\n"}
[1.107066] (nav_viewer) StdoutLine: {'line': b'running build_ext\n'}
[1.107618] (nav_viewer) StdoutLine: {'line': b'Creating /home/ubuntu/Desktop/ros2_ws/install/nav_viewer/lib/python3.10/site-packages/nav-viewer.egg-link (link to .)\n'}
[1.109496] (nav_viewer) StdoutLine: {'line': b'Installing nav-viewer script to /home/ubuntu/Desktop/ros2_ws/install/nav_viewer/bin\n'}
[1.110211] (nav_viewer) StdoutLine: {'line': b'\n'}
[1.110441] (nav_viewer) StdoutLine: {'line': b'Installed /home/ubuntu/Desktop/ros2_ws/build/nav_viewer\n'}
[1.145006] (nav_viewer) CommandEnded: {'returncode': 0}
[1.159395] (nav_viewer) JobEnded: {'identifier': 'nav_viewer', 'rc': 0}
[1.160665] (-) EventReactorShutdown: {}
