[0.334s] DEBUG:colcon:Command line arguments: ['/usr/bin/colcon', 'build', '--symlink-install']
[0.335s] DEBUG:colcon:Parsed command line arguments: Namespace(log_base=None, log_level=None, verb_name='build', build_base='build', install_base='install', merge_install=False, symlink_install=True, test_result_base=None, continue_on_error=False, executor='parallel', parallel_workers=16, event_handlers=None, ignore_user_meta=False, metas=['./colcon.meta'], base_paths=['.'], packages_ignore=None, packages_ignore_regex=None, paths=None, packages_up_to=None, packages_up_to_regex=None, packages_above=None, packages_above_and_dependencies=None, packages_above_depth=None, packages_select_by_dep=None, packages_skip_by_dep=None, packages_skip_up_to=None, packages_select_build_failed=False, packages_skip_build_finished=False, packages_select_test_failures=False, packages_skip_test_passed=False, packages_select=None, packages_skip=None, packages_select_regex=None, packages_skip_regex=None, packages_start=None, packages_end=None, allow_overriding=[], cmake_args=None, cmake_target=None, cmake_target_skip_unavailable=False, cmake_clean_cache=False, cmake_clean_first=False, cmake_force_configure=False, ament_cmake_args=None, catkin_cmake_args=None, catkin_skip_building_tests=False, verb_parser=<colcon_defaults.argument_parser.defaults.DefaultArgumentsDecorator object at 0x7f3527cf38e0>, verb_extension=<colcon_core.verb.build.BuildVerb object at 0x7f3527ca8670>, main=<bound method BuildVerb.main of <colcon_core.verb.build.BuildVerb object at 0x7f3527ca8670>>)
[0.880s] Level 1:colcon.colcon_core.package_discovery:discover_packages(colcon_meta) check parameters
[0.881s] Level 1:colcon.colcon_core.package_discovery:discover_packages(recursive) check parameters
[0.881s] Level 1:colcon.colcon_core.package_discovery:discover_packages(ignore) check parameters
[0.881s] Level 1:colcon.colcon_core.package_discovery:discover_packages(path) check parameters
[0.881s] Level 1:colcon.colcon_core.package_discovery:discover_packages(colcon_meta) discover
[0.881s] Level 1:colcon.colcon_core.package_discovery:discover_packages(recursive) discover
[0.881s] INFO:colcon.colcon_core.package_discovery:Crawling recursively for packages in '/home/ubuntu/Desktop/ros2_ws'
[0.882s] Level 1:colcon.colcon_core.package_identification:_identify(.) by extensions ['ignore', 'ignore_ament_install']
[0.882s] Level 1:colcon.colcon_core.package_identification:_identify(.) by extension 'ignore'
[0.882s] Level 1:colcon.colcon_core.package_identification:_identify(.) by extension 'ignore_ament_install'
[0.882s] Level 1:colcon.colcon_core.package_identification:_identify(.) by extensions ['colcon_pkg']
[0.882s] Level 1:colcon.colcon_core.package_identification:_identify(.) by extension 'colcon_pkg'
[0.882s] Level 1:colcon.colcon_core.package_identification:_identify(.) by extensions ['colcon_meta']
[0.882s] Level 1:colcon.colcon_core.package_identification:_identify(.) by extension 'colcon_meta'
[0.882s] Level 1:colcon.colcon_core.package_identification:_identify(.) by extensions ['ros']
[0.882s] Level 1:colcon.colcon_core.package_identification:_identify(.) by extension 'ros'
[0.919s] Level 1:colcon.colcon_core.package_identification:_identify(.) by extensions ['cmake', 'python']
[0.919s] Level 1:colcon.colcon_core.package_identification:_identify(.) by extension 'cmake'
[0.919s] Level 1:colcon.colcon_core.package_identification:_identify(.) by extension 'python'
[0.920s] Level 1:colcon.colcon_core.package_identification:_identify(.) by extensions ['python_setup_py']
[0.920s] Level 1:colcon.colcon_core.package_identification:_identify(.) by extension 'python_setup_py'
[0.920s] Level 1:colcon.colcon_core.package_identification:_identify(build) by extensions ['ignore', 'ignore_ament_install']
[0.920s] Level 1:colcon.colcon_core.package_identification:_identify(build) by extension 'ignore'
[0.920s] Level 1:colcon.colcon_core.package_identification:_identify(build) ignored
[0.921s] Level 1:colcon.colcon_core.package_identification:_identify(install) by extensions ['ignore', 'ignore_ament_install']
[0.921s] Level 1:colcon.colcon_core.package_identification:_identify(install) by extension 'ignore'
[0.921s] Level 1:colcon.colcon_core.package_identification:_identify(install) ignored
[0.921s] Level 1:colcon.colcon_core.package_identification:_identify(log) by extensions ['ignore', 'ignore_ament_install']
[0.922s] Level 1:colcon.colcon_core.package_identification:_identify(log) by extension 'ignore'
[0.922s] Level 1:colcon.colcon_core.package_identification:_identify(log) ignored
[0.922s] Level 1:colcon.colcon_core.package_identification:_identify(src) by extensions ['ignore', 'ignore_ament_install']
[0.923s] Level 1:colcon.colcon_core.package_identification:_identify(src) by extension 'ignore'
[0.923s] Level 1:colcon.colcon_core.package_identification:_identify(src) by extension 'ignore_ament_install'
[0.923s] Level 1:colcon.colcon_core.package_identification:_identify(src) by extensions ['colcon_pkg']
[0.926s] Level 1:colcon.colcon_core.package_identification:_identify(src) by extension 'colcon_pkg'
[0.929s] Level 1:colcon.colcon_core.package_identification:_identify(src) by extensions ['colcon_meta']
[0.929s] Level 1:colcon.colcon_core.package_identification:_identify(src) by extension 'colcon_meta'
[0.929s] Level 1:colcon.colcon_core.package_identification:_identify(src) by extensions ['ros']
[0.929s] Level 1:colcon.colcon_core.package_identification:_identify(src) by extension 'ros'
[0.930s] Level 1:colcon.colcon_core.package_identification:_identify(src) by extensions ['cmake', 'python']
[0.930s] Level 1:colcon.colcon_core.package_identification:_identify(src) by extension 'cmake'
[0.930s] Level 1:colcon.colcon_core.package_identification:_identify(src) by extension 'python'
[0.931s] Level 1:colcon.colcon_core.package_identification:_identify(src) by extensions ['python_setup_py']
[0.931s] Level 1:colcon.colcon_core.package_identification:_identify(src) by extension 'python_setup_py'
[0.931s] Level 1:colcon.colcon_core.package_identification:_identify(src/moon_rover_sim) by extensions ['ignore', 'ignore_ament_install']
[0.932s] Level 1:colcon.colcon_core.package_identification:_identify(src/moon_rover_sim) by extension 'ignore'
[0.932s] Level 1:colcon.colcon_core.package_identification:_identify(src/moon_rover_sim) by extension 'ignore_ament_install'
[0.932s] Level 1:colcon.colcon_core.package_identification:_identify(src/moon_rover_sim) by extensions ['colcon_pkg']
[0.933s] Level 1:colcon.colcon_core.package_identification:_identify(src/moon_rover_sim) by extension 'colcon_pkg'
[0.933s] Level 1:colcon.colcon_core.package_identification:_identify(src/moon_rover_sim) by extensions ['colcon_meta']
[0.933s] Level 1:colcon.colcon_core.package_identification:_identify(src/moon_rover_sim) by extension 'colcon_meta'
[0.933s] Level 1:colcon.colcon_core.package_identification:_identify(src/moon_rover_sim) by extensions ['ros']
[0.934s] Level 1:colcon.colcon_core.package_identification:_identify(src/moon_rover_sim) by extension 'ros'
[0.934s] Level 1:colcon.colcon_core.package_identification:_identify(src/moon_rover_sim) by extensions ['cmake', 'python']
[0.934s] Level 1:colcon.colcon_core.package_identification:_identify(src/moon_rover_sim) by extension 'cmake'
[0.934s] Level 1:colcon.colcon_core.package_identification:_identify(src/moon_rover_sim) by extension 'python'
[0.935s] Level 1:colcon.colcon_core.package_identification:_identify(src/moon_rover_sim) by extensions ['python_setup_py']
[0.935s] Level 1:colcon.colcon_core.package_identification:_identify(src/moon_rover_sim) by extension 'python_setup_py'
[0.935s] Level 1:colcon.colcon_core.package_identification:_identify(src/moon_rover_sim/build) by extensions ['ignore', 'ignore_ament_install']
[0.936s] Level 1:colcon.colcon_core.package_identification:_identify(src/moon_rover_sim/build) by extension 'ignore'
[0.936s] Level 1:colcon.colcon_core.package_identification:_identify(src/moon_rover_sim/build) ignored
[0.937s] Level 1:colcon.colcon_core.package_identification:_identify(src/moon_rover_sim/install) by extensions ['ignore', 'ignore_ament_install']
[0.938s] Level 1:colcon.colcon_core.package_identification:_identify(src/moon_rover_sim/install) by extension 'ignore'
[0.938s] Level 1:colcon.colcon_core.package_identification:_identify(src/moon_rover_sim/install) ignored
[0.938s] Level 1:colcon.colcon_core.package_identification:_identify(src/moon_rover_sim/log) by extensions ['ignore', 'ignore_ament_install']
[0.939s] Level 1:colcon.colcon_core.package_identification:_identify(src/moon_rover_sim/log) by extension 'ignore'
[0.939s] Level 1:colcon.colcon_core.package_identification:_identify(src/moon_rover_sim/log) ignored
[0.940s] Level 1:colcon.colcon_core.package_identification:_identify(src/moon_rover_sim/src) by extensions ['ignore', 'ignore_ament_install']
[0.940s] Level 1:colcon.colcon_core.package_identification:_identify(src/moon_rover_sim/src) by extension 'ignore'
[0.940s] Level 1:colcon.colcon_core.package_identification:_identify(src/moon_rover_sim/src) by extension 'ignore_ament_install'
[0.941s] Level 1:colcon.colcon_core.package_identification:_identify(src/moon_rover_sim/src) by extensions ['colcon_pkg']
[0.941s] Level 1:colcon.colcon_core.package_identification:_identify(src/moon_rover_sim/src) by extension 'colcon_pkg'
[0.941s] Level 1:colcon.colcon_core.package_identification:_identify(src/moon_rover_sim/src) by extensions ['colcon_meta']
[0.941s] Level 1:colcon.colcon_core.package_identification:_identify(src/moon_rover_sim/src) by extension 'colcon_meta'
[0.941s] Level 1:colcon.colcon_core.package_identification:_identify(src/moon_rover_sim/src) by extensions ['ros']
[0.945s] Level 1:colcon.colcon_core.package_identification:_identify(src/moon_rover_sim/src) by extension 'ros'
[0.945s] Level 1:colcon.colcon_core.package_identification:_identify(src/moon_rover_sim/src) by extensions ['cmake', 'python']
[0.946s] Level 1:colcon.colcon_core.package_identification:_identify(src/moon_rover_sim/src) by extension 'cmake'
[0.946s] Level 1:colcon.colcon_core.package_identification:_identify(src/moon_rover_sim/src) by extension 'python'
[0.947s] Level 1:colcon.colcon_core.package_identification:_identify(src/moon_rover_sim/src) by extensions ['python_setup_py']
[0.947s] Level 1:colcon.colcon_core.package_identification:_identify(src/moon_rover_sim/src) by extension 'python_setup_py'
[0.948s] Level 1:colcon.colcon_core.package_identification:_identify(src/moon_rover_sim/src/moon_rover_sim) by extensions ['ignore', 'ignore_ament_install']
[0.949s] Level 1:colcon.colcon_core.package_identification:_identify(src/moon_rover_sim/src/moon_rover_sim) by extension 'ignore'
[0.949s] Level 1:colcon.colcon_core.package_identification:_identify(src/moon_rover_sim/src/moon_rover_sim) by extension 'ignore_ament_install'
[0.949s] Level 1:colcon.colcon_core.package_identification:_identify(src/moon_rover_sim/src/moon_rover_sim) by extensions ['colcon_pkg']
[0.949s] Level 1:colcon.colcon_core.package_identification:_identify(src/moon_rover_sim/src/moon_rover_sim) by extension 'colcon_pkg'
[0.949s] Level 1:colcon.colcon_core.package_identification:_identify(src/moon_rover_sim/src/moon_rover_sim) by extensions ['colcon_meta']
[0.949s] Level 1:colcon.colcon_core.package_identification:_identify(src/moon_rover_sim/src/moon_rover_sim) by extension 'colcon_meta'
[0.950s] Level 1:colcon.colcon_core.package_identification:_identify(src/moon_rover_sim/src/moon_rover_sim) by extensions ['ros']
[0.950s] Level 1:colcon.colcon_core.package_identification:_identify(src/moon_rover_sim/src/moon_rover_sim) by extension 'ros'
[0.957s] DEBUG:colcon.colcon_core.package_identification:Package 'src/moon_rover_sim/src/moon_rover_sim' with type 'ros.ament_cmake' and name 'moon_rover_sim'
[0.957s] Level 1:colcon.colcon_core.package_identification:_identify(src/nav_viewer_app) by extensions ['ignore', 'ignore_ament_install']
[0.958s] Level 1:colcon.colcon_core.package_identification:_identify(src/nav_viewer_app) by extension 'ignore'
[0.958s] Level 1:colcon.colcon_core.package_identification:_identify(src/nav_viewer_app) by extension 'ignore_ament_install'
[0.958s] Level 1:colcon.colcon_core.package_identification:_identify(src/nav_viewer_app) by extensions ['colcon_pkg']
[0.958s] Level 1:colcon.colcon_core.package_identification:_identify(src/nav_viewer_app) by extension 'colcon_pkg'
[0.958s] Level 1:colcon.colcon_core.package_identification:_identify(src/nav_viewer_app) by extensions ['colcon_meta']
[0.958s] Level 1:colcon.colcon_core.package_identification:_identify(src/nav_viewer_app) by extension 'colcon_meta'
[0.958s] Level 1:colcon.colcon_core.package_identification:_identify(src/nav_viewer_app) by extensions ['ros']
[0.959s] Level 1:colcon.colcon_core.package_identification:_identify(src/nav_viewer_app) by extension 'ros'
[0.959s] Level 1:colcon.colcon_core.package_identification:_identify(src/nav_viewer_app) by extensions ['cmake', 'python']
[0.959s] Level 1:colcon.colcon_core.package_identification:_identify(src/nav_viewer_app) by extension 'cmake'
[0.959s] Level 1:colcon.colcon_core.package_identification:_identify(src/nav_viewer_app) by extension 'python'
[0.959s] Level 1:colcon.colcon_core.package_identification:_identify(src/nav_viewer_app) by extensions ['python_setup_py']
[0.959s] Level 1:colcon.colcon_core.package_identification:_identify(src/nav_viewer_app) by extension 'python_setup_py'
[1.786s] DEBUG:colcon.colcon_core.package_identification:Package 'src/nav_viewer_app' with type 'python' and name 'nav_viewer'
[1.786s] Level 1:colcon.colcon_core.package_discovery:discover_packages(recursive) using defaults
[1.786s] Level 1:colcon.colcon_core.package_discovery:discover_packages(ignore) discover
[1.786s] Level 1:colcon.colcon_core.package_discovery:discover_packages(ignore) using defaults
[1.786s] Level 1:colcon.colcon_core.package_discovery:discover_packages(path) discover
[1.787s] Level 1:colcon.colcon_core.package_discovery:discover_packages(path) using defaults
[1.844s] Level 1:colcon.colcon_core.package_discovery:discover_packages(prefix_path) check parameters
[1.844s] Level 1:colcon.colcon_core.package_discovery:discover_packages(prefix_path) discover
[1.846s] DEBUG:colcon.colcon_installed_package_information.package_discovery:Found 2 installed packages in /home/ubuntu/Desktop/ros2_ws/install
[1.848s] DEBUG:colcon.colcon_installed_package_information.package_discovery:Found 345 installed packages in /opt/ros/humble
[1.850s] Level 1:colcon.colcon_core.package_discovery:discover_packages(prefix_path) using defaults
[1.915s] Level 5:colcon.colcon_core.verb:set package 'moon_rover_sim' build argument 'cmake_args' from command line to 'None'
[1.915s] Level 5:colcon.colcon_core.verb:set package 'moon_rover_sim' build argument 'cmake_target' from command line to 'None'
[1.915s] Level 5:colcon.colcon_core.verb:set package 'moon_rover_sim' build argument 'cmake_target_skip_unavailable' from command line to 'False'
[1.915s] Level 5:colcon.colcon_core.verb:set package 'moon_rover_sim' build argument 'cmake_clean_cache' from command line to 'False'
[1.915s] Level 5:colcon.colcon_core.verb:set package 'moon_rover_sim' build argument 'cmake_clean_first' from command line to 'False'
[1.915s] Level 5:colcon.colcon_core.verb:set package 'moon_rover_sim' build argument 'cmake_force_configure' from command line to 'False'
[1.915s] Level 5:colcon.colcon_core.verb:set package 'moon_rover_sim' build argument 'ament_cmake_args' from command line to 'None'
[1.915s] Level 5:colcon.colcon_core.verb:set package 'moon_rover_sim' build argument 'catkin_cmake_args' from command line to 'None'
[1.915s] Level 5:colcon.colcon_core.verb:set package 'moon_rover_sim' build argument 'catkin_skip_building_tests' from command line to 'False'
[1.915s] DEBUG:colcon.colcon_core.verb:Building package 'moon_rover_sim' with the following arguments: {'ament_cmake_args': None, 'build_base': '/home/ubuntu/Desktop/ros2_ws/build/moon_rover_sim', 'catkin_cmake_args': None, 'catkin_skip_building_tests': False, 'cmake_args': None, 'cmake_clean_cache': False, 'cmake_clean_first': False, 'cmake_force_configure': False, 'cmake_target': None, 'cmake_target_skip_unavailable': False, 'install_base': '/home/ubuntu/Desktop/ros2_ws/install/moon_rover_sim', 'merge_install': False, 'path': '/home/ubuntu/Desktop/ros2_ws/src/moon_rover_sim/src/moon_rover_sim', 'symlink_install': True, 'test_result_base': None}
[1.918s] Level 5:colcon.colcon_core.verb:set package 'nav_viewer' build argument 'cmake_args' from command line to 'None'
[1.918s] Level 5:colcon.colcon_core.verb:set package 'nav_viewer' build argument 'cmake_target' from command line to 'None'
[1.918s] Level 5:colcon.colcon_core.verb:set package 'nav_viewer' build argument 'cmake_target_skip_unavailable' from command line to 'False'
[1.918s] Level 5:colcon.colcon_core.verb:set package 'nav_viewer' build argument 'cmake_clean_cache' from command line to 'False'
[1.918s] Level 5:colcon.colcon_core.verb:set package 'nav_viewer' build argument 'cmake_clean_first' from command line to 'False'
[1.918s] Level 5:colcon.colcon_core.verb:set package 'nav_viewer' build argument 'cmake_force_configure' from command line to 'False'
[1.918s] Level 5:colcon.colcon_core.verb:set package 'nav_viewer' build argument 'ament_cmake_args' from command line to 'None'
[1.918s] Level 5:colcon.colcon_core.verb:set package 'nav_viewer' build argument 'catkin_cmake_args' from command line to 'None'
[1.918s] Level 5:colcon.colcon_core.verb:set package 'nav_viewer' build argument 'catkin_skip_building_tests' from command line to 'False'
[1.918s] DEBUG:colcon.colcon_core.verb:Building package 'nav_viewer' with the following arguments: {'ament_cmake_args': None, 'build_base': '/home/ubuntu/Desktop/ros2_ws/build/nav_viewer', 'catkin_cmake_args': None, 'catkin_skip_building_tests': False, 'cmake_args': None, 'cmake_clean_cache': False, 'cmake_clean_first': False, 'cmake_force_configure': False, 'cmake_target': None, 'cmake_target_skip_unavailable': False, 'install_base': '/home/ubuntu/Desktop/ros2_ws/install/nav_viewer', 'merge_install': False, 'path': '/home/ubuntu/Desktop/ros2_ws/src/nav_viewer_app', 'symlink_install': True, 'test_result_base': None}
[1.918s] INFO:colcon.colcon_core.executor:Executing jobs using 'parallel' executor
[1.919s] DEBUG:colcon.colcon_parallel_executor.executor.parallel:run_until_complete
[1.919s] INFO:colcon.colcon_ros.task.ament_cmake.build:Building ROS package in '/home/ubuntu/Desktop/ros2_ws/src/moon_rover_sim/src/moon_rover_sim' with build type 'ament_cmake'
[1.920s] INFO:colcon.colcon_cmake.task.cmake.build:Building CMake package in '/home/ubuntu/Desktop/ros2_ws/src/moon_rover_sim/src/moon_rover_sim'
[1.921s] INFO:colcon.colcon_core.plugin_system:Skipping extension 'colcon_core.shell.bat': Not used on non-Windows systems
[1.922s] INFO:colcon.colcon_core.shell:Skip shell extension 'powershell' for command environment: Not usable outside of PowerShell
[1.922s] DEBUG:colcon.colcon_core.shell:Skip shell extension 'dsv' for command environment
[1.926s] INFO:colcon.colcon_core.task.python.build:Building Python package in '/home/ubuntu/Desktop/ros2_ws/src/nav_viewer_app'
[1.927s] INFO:colcon.colcon_core.shell:Skip shell extension 'powershell' for command environment: Not usable outside of PowerShell
[1.927s] DEBUG:colcon.colcon_core.shell:Skip shell extension 'dsv' for command environment
[1.947s] DEBUG:colcon.colcon_core.event_handler.log_command:Invoking command in '/home/ubuntu/Desktop/ros2_ws/build/moon_rover_sim': CMAKE_PREFIX_PATH=${CMAKE_PREFIX_PATH}:/opt/ros/humble /usr/bin/cmake --build /home/ubuntu/Desktop/ros2_ws/build/moon_rover_sim -- -j16 -l16
[2.305s] DEBUG:colcon.colcon_core.event_handler.log_command:Invoked command in '/home/ubuntu/Desktop/ros2_ws/build/moon_rover_sim' returned '0': CMAKE_PREFIX_PATH=${CMAKE_PREFIX_PATH}:/opt/ros/humble /usr/bin/cmake --build /home/ubuntu/Desktop/ros2_ws/build/moon_rover_sim -- -j16 -l16
[2.315s] DEBUG:colcon.colcon_core.event_handler.log_command:Invoking command in '/home/ubuntu/Desktop/ros2_ws/build/moon_rover_sim': CMAKE_PREFIX_PATH=${CMAKE_PREFIX_PATH}:/opt/ros/humble /usr/bin/cmake --install /home/ubuntu/Desktop/ros2_ws/build/moon_rover_sim
[2.343s] Level 1:colcon.colcon_core.environment:create_environment_scripts_only(moon_rover_sim)
[2.344s] DEBUG:colcon.colcon_core.event_handler.log_command:Invoked command in '/home/ubuntu/Desktop/ros2_ws/build/moon_rover_sim' returned '0': CMAKE_PREFIX_PATH=${CMAKE_PREFIX_PATH}:/opt/ros/humble /usr/bin/cmake --install /home/ubuntu/Desktop/ros2_ws/build/moon_rover_sim
[2.346s] Level 1:colcon.colcon_core.environment:checking '/home/ubuntu/Desktop/ros2_ws/install/moon_rover_sim' for CMake module files
[2.347s] Level 1:colcon.colcon_core.environment:checking '/home/ubuntu/Desktop/ros2_ws/install/moon_rover_sim' for CMake config files
[2.347s] Level 1:colcon.colcon_core.shell:create_environment_hook('moon_rover_sim', 'cmake_prefix_path')
[2.348s] INFO:colcon.colcon_core.shell:Creating environment hook '/home/ubuntu/Desktop/ros2_ws/install/moon_rover_sim/share/moon_rover_sim/hook/cmake_prefix_path.ps1'
[2.349s] INFO:colcon.colcon_core.shell:Creating environment descriptor '/home/ubuntu/Desktop/ros2_ws/install/moon_rover_sim/share/moon_rover_sim/hook/cmake_prefix_path.dsv'
[2.350s] INFO:colcon.colcon_core.shell:Creating environment hook '/home/ubuntu/Desktop/ros2_ws/install/moon_rover_sim/share/moon_rover_sim/hook/cmake_prefix_path.sh'
[2.351s] Level 1:colcon.colcon_core.environment:checking '/home/ubuntu/Desktop/ros2_ws/install/moon_rover_sim/bin'
[2.351s] Level 1:colcon.colcon_core.environment:checking '/home/ubuntu/Desktop/ros2_ws/install/moon_rover_sim/lib/pkgconfig/moon_rover_sim.pc'
[2.351s] Level 1:colcon.colcon_core.environment:checking '/home/ubuntu/Desktop/ros2_ws/install/moon_rover_sim/lib/python3.10/site-packages'
[2.352s] Level 1:colcon.colcon_core.environment:checking '/home/ubuntu/Desktop/ros2_ws/install/moon_rover_sim/bin'
[2.353s] INFO:colcon.colcon_core.shell:Creating package script '/home/ubuntu/Desktop/ros2_ws/install/moon_rover_sim/share/moon_rover_sim/package.ps1'
[2.354s] INFO:colcon.colcon_core.shell:Creating package descriptor '/home/ubuntu/Desktop/ros2_ws/install/moon_rover_sim/share/moon_rover_sim/package.dsv'
[2.355s] INFO:colcon.colcon_core.shell:Creating package script '/home/ubuntu/Desktop/ros2_ws/install/moon_rover_sim/share/moon_rover_sim/package.sh'
[2.357s] INFO:colcon.colcon_core.shell:Creating package script '/home/ubuntu/Desktop/ros2_ws/install/moon_rover_sim/share/moon_rover_sim/package.bash'
[2.358s] INFO:colcon.colcon_core.shell:Creating package script '/home/ubuntu/Desktop/ros2_ws/install/moon_rover_sim/share/moon_rover_sim/package.zsh'
[2.359s] Level 1:colcon.colcon_core.environment:create_file_with_runtime_dependencies(/home/ubuntu/Desktop/ros2_ws/install/moon_rover_sim/share/colcon-core/packages/moon_rover_sim)
[2.362s] Level 1:colcon.colcon_core.environment:create_environment_scripts_only(moon_rover_sim)
[2.362s] Level 1:colcon.colcon_core.environment:checking '/home/ubuntu/Desktop/ros2_ws/install/moon_rover_sim' for CMake module files
[2.363s] Level 1:colcon.colcon_core.environment:checking '/home/ubuntu/Desktop/ros2_ws/install/moon_rover_sim' for CMake config files
[2.363s] Level 1:colcon.colcon_core.shell:create_environment_hook('moon_rover_sim', 'cmake_prefix_path')
[2.364s] INFO:colcon.colcon_core.shell:Creating environment hook '/home/ubuntu/Desktop/ros2_ws/install/moon_rover_sim/share/moon_rover_sim/hook/cmake_prefix_path.ps1'
[2.364s] INFO:colcon.colcon_core.shell:Creating environment descriptor '/home/ubuntu/Desktop/ros2_ws/install/moon_rover_sim/share/moon_rover_sim/hook/cmake_prefix_path.dsv'
[2.365s] INFO:colcon.colcon_core.shell:Creating environment hook '/home/ubuntu/Desktop/ros2_ws/install/moon_rover_sim/share/moon_rover_sim/hook/cmake_prefix_path.sh'
[2.365s] Level 1:colcon.colcon_core.environment:checking '/home/ubuntu/Desktop/ros2_ws/install/moon_rover_sim/bin'
[2.365s] Level 1:colcon.colcon_core.environment:checking '/home/ubuntu/Desktop/ros2_ws/install/moon_rover_sim/lib/pkgconfig/moon_rover_sim.pc'
[2.365s] Level 1:colcon.colcon_core.environment:checking '/home/ubuntu/Desktop/ros2_ws/install/moon_rover_sim/lib/python3.10/site-packages'
[2.366s] Level 1:colcon.colcon_core.environment:checking '/home/ubuntu/Desktop/ros2_ws/install/moon_rover_sim/bin'
[2.366s] INFO:colcon.colcon_core.shell:Creating package script '/home/ubuntu/Desktop/ros2_ws/install/moon_rover_sim/share/moon_rover_sim/package.ps1'
[2.367s] INFO:colcon.colcon_core.shell:Creating package descriptor '/home/ubuntu/Desktop/ros2_ws/install/moon_rover_sim/share/moon_rover_sim/package.dsv'
[2.369s] INFO:colcon.colcon_core.shell:Creating package script '/home/ubuntu/Desktop/ros2_ws/install/moon_rover_sim/share/moon_rover_sim/package.sh'
[2.370s] INFO:colcon.colcon_core.shell:Creating package script '/home/ubuntu/Desktop/ros2_ws/install/moon_rover_sim/share/moon_rover_sim/package.bash'
[2.370s] INFO:colcon.colcon_core.shell:Creating package script '/home/ubuntu/Desktop/ros2_ws/install/moon_rover_sim/share/moon_rover_sim/package.zsh'
[2.371s] Level 1:colcon.colcon_core.environment:create_file_with_runtime_dependencies(/home/ubuntu/Desktop/ros2_ws/install/moon_rover_sim/share/colcon-core/packages/moon_rover_sim)
[2.722s] DEBUG:colcon.colcon_core.event_handler.log_command:Invoking command in '/home/ubuntu/Desktop/ros2_ws/build/nav_viewer': PYTHONPATH=/home/ubuntu/Desktop/ros2_ws/build/nav_viewer/prefix_override:/usr/lib/python3/dist-packages/colcon_core/task/python/colcon_distutils_commands:/home/ubuntu/Desktop/ros2_ws/install/nav_viewer/lib/python3.10/site-packages:${PYTHONPATH} /usr/bin/python3 -W ignore:setup.py install is deprecated -W ignore:easy_install command is deprecated setup.py develop --editable --build-directory /home/ubuntu/Desktop/ros2_ws/build/nav_viewer/build --no-deps
[3.309s] Level 1:colcon.colcon_core.shell:create_environment_hook('nav_viewer', 'pythonpath_develop')
[3.310s] INFO:colcon.colcon_core.shell:Creating environment hook '/home/ubuntu/Desktop/ros2_ws/build/nav_viewer/share/nav_viewer/hook/pythonpath_develop.ps1'
[3.311s] DEBUG:colcon.colcon_core.event_handler.log_command:Invoked command in '/home/ubuntu/Desktop/ros2_ws/build/nav_viewer' returned '0': PYTHONPATH=/home/ubuntu/Desktop/ros2_ws/build/nav_viewer/prefix_override:/usr/lib/python3/dist-packages/colcon_core/task/python/colcon_distutils_commands:/home/ubuntu/Desktop/ros2_ws/install/nav_viewer/lib/python3.10/site-packages:${PYTHONPATH} /usr/bin/python3 -W ignore:setup.py install is deprecated -W ignore:easy_install command is deprecated setup.py develop --editable --build-directory /home/ubuntu/Desktop/ros2_ws/build/nav_viewer/build --no-deps
[3.311s] INFO:colcon.colcon_core.shell:Creating environment descriptor '/home/ubuntu/Desktop/ros2_ws/build/nav_viewer/share/nav_viewer/hook/pythonpath_develop.dsv'
[3.311s] INFO:colcon.colcon_core.shell:Creating environment hook '/home/ubuntu/Desktop/ros2_ws/build/nav_viewer/share/nav_viewer/hook/pythonpath_develop.sh'
[3.312s] Level 1:colcon.colcon_core.environment:checking '/home/ubuntu/Desktop/ros2_ws/install/nav_viewer' for CMake module files
[3.313s] Level 1:colcon.colcon_core.environment:checking '/home/ubuntu/Desktop/ros2_ws/install/nav_viewer' for CMake config files
[3.313s] Level 1:colcon.colcon_core.environment:checking '/home/ubuntu/Desktop/ros2_ws/install/nav_viewer/lib'
[3.314s] Level 1:colcon.colcon_core.environment:checking '/home/ubuntu/Desktop/ros2_ws/install/nav_viewer/bin'
[3.314s] Level 1:colcon.colcon_core.shell:create_environment_hook('nav_viewer', 'path')
[3.314s] INFO:colcon.colcon_core.shell:Creating environment hook '/home/ubuntu/Desktop/ros2_ws/install/nav_viewer/share/nav_viewer/hook/path.ps1'
[3.315s] INFO:colcon.colcon_core.shell:Creating environment descriptor '/home/ubuntu/Desktop/ros2_ws/install/nav_viewer/share/nav_viewer/hook/path.dsv'
[3.316s] INFO:colcon.colcon_core.shell:Creating environment hook '/home/ubuntu/Desktop/ros2_ws/install/nav_viewer/share/nav_viewer/hook/path.sh'
[3.317s] Level 1:colcon.colcon_core.environment:checking '/home/ubuntu/Desktop/ros2_ws/install/nav_viewer/lib/pkgconfig/nav_viewer.pc'
[3.318s] Level 1:colcon.colcon_core.environment:checking '/home/ubuntu/Desktop/ros2_ws/install/nav_viewer/lib/python3.10/site-packages'
[3.318s] Level 1:colcon.colcon_core.shell:create_environment_hook('nav_viewer', 'pythonpath')
[3.318s] INFO:colcon.colcon_core.shell:Creating environment hook '/home/ubuntu/Desktop/ros2_ws/install/nav_viewer/share/nav_viewer/hook/pythonpath.ps1'
[3.319s] INFO:colcon.colcon_core.shell:Creating environment descriptor '/home/ubuntu/Desktop/ros2_ws/install/nav_viewer/share/nav_viewer/hook/pythonpath.dsv'
[3.319s] INFO:colcon.colcon_core.shell:Creating environment hook '/home/ubuntu/Desktop/ros2_ws/install/nav_viewer/share/nav_viewer/hook/pythonpath.sh'
[3.320s] Level 1:colcon.colcon_core.environment:checking '/home/ubuntu/Desktop/ros2_ws/install/nav_viewer/bin'
[3.320s] Level 1:colcon.colcon_core.shell:create_environment_hook('nav_viewer', 'pythonscriptspath')
[3.320s] INFO:colcon.colcon_core.shell:Creating environment hook '/home/ubuntu/Desktop/ros2_ws/install/nav_viewer/share/nav_viewer/hook/pythonscriptspath.ps1'
[3.322s] INFO:colcon.colcon_core.shell:Creating environment descriptor '/home/ubuntu/Desktop/ros2_ws/install/nav_viewer/share/nav_viewer/hook/pythonscriptspath.dsv'
[3.323s] INFO:colcon.colcon_core.shell:Creating environment hook '/home/ubuntu/Desktop/ros2_ws/install/nav_viewer/share/nav_viewer/hook/pythonscriptspath.sh'
[3.324s] Level 1:colcon.colcon_core.environment:create_environment_scripts_only(nav_viewer)
[3.325s] INFO:colcon.colcon_core.shell:Creating package script '/home/ubuntu/Desktop/ros2_ws/install/nav_viewer/share/nav_viewer/package.ps1'
[3.327s] INFO:colcon.colcon_core.shell:Creating package descriptor '/home/ubuntu/Desktop/ros2_ws/install/nav_viewer/share/nav_viewer/package.dsv'
[3.328s] INFO:colcon.colcon_core.shell:Creating package script '/home/ubuntu/Desktop/ros2_ws/install/nav_viewer/share/nav_viewer/package.sh'
[3.328s] INFO:colcon.colcon_core.shell:Creating package script '/home/ubuntu/Desktop/ros2_ws/install/nav_viewer/share/nav_viewer/package.bash'
[3.329s] INFO:colcon.colcon_core.shell:Creating package script '/home/ubuntu/Desktop/ros2_ws/install/nav_viewer/share/nav_viewer/package.zsh'
[3.329s] Level 1:colcon.colcon_core.environment:create_file_with_runtime_dependencies(/home/ubuntu/Desktop/ros2_ws/install/nav_viewer/share/colcon-core/packages/nav_viewer)
[3.331s] DEBUG:colcon.colcon_parallel_executor.executor.parallel:closing loop
[3.331s] DEBUG:colcon.colcon_parallel_executor.executor.parallel:loop closed
[3.331s] DEBUG:colcon.colcon_parallel_executor.executor.parallel:run_until_complete finished with '0'
[3.331s] DEBUG:colcon.colcon_core.event_reactor:joining thread
[3.337s] INFO:colcon.colcon_core.plugin_system:Skipping extension 'colcon_notification.desktop_notification.terminal_notifier': Not used on non-Darwin systems
[3.337s] INFO:colcon.colcon_core.plugin_system:Skipping extension 'colcon_notification.desktop_notification.win32': Not used on non-Windows systems
[3.337s] INFO:colcon.colcon_notification.desktop_notification:Sending desktop notification using 'notify2'
[3.356s] DEBUG:colcon.colcon_core.event_reactor:joined thread
[3.356s] INFO:colcon.colcon_core.shell:Creating prefix script '/home/ubuntu/Desktop/ros2_ws/install/local_setup.ps1'
[3.358s] INFO:colcon.colcon_core.shell:Creating prefix util module '/home/ubuntu/Desktop/ros2_ws/install/_local_setup_util_ps1.py'
[3.360s] INFO:colcon.colcon_core.shell:Creating prefix chain script '/home/ubuntu/Desktop/ros2_ws/install/setup.ps1'
[3.362s] INFO:colcon.colcon_core.shell:Creating prefix script '/home/ubuntu/Desktop/ros2_ws/install/local_setup.sh'
[3.362s] INFO:colcon.colcon_core.shell:Creating prefix util module '/home/ubuntu/Desktop/ros2_ws/install/_local_setup_util_sh.py'
[3.363s] INFO:colcon.colcon_core.shell:Creating prefix chain script '/home/ubuntu/Desktop/ros2_ws/install/setup.sh'
[3.364s] INFO:colcon.colcon_core.shell:Creating prefix script '/home/ubuntu/Desktop/ros2_ws/install/local_setup.bash'
[3.365s] INFO:colcon.colcon_core.shell:Creating prefix chain script '/home/ubuntu/Desktop/ros2_ws/install/setup.bash'
[3.366s] INFO:colcon.colcon_core.shell:Creating prefix script '/home/ubuntu/Desktop/ros2_ws/install/local_setup.zsh'
[3.367s] INFO:colcon.colcon_core.shell:Creating prefix chain script '/home/ubuntu/Desktop/ros2_ws/install/setup.zsh'
